#! /c/Source/iverilog-install/bin/vvp
:ivl_version "12.0 (devel)" "(s20150603-1539-g2693dd32b)";
:ivl_delay_selection "TYPICAL";
:vpi_time_precision - 13;
:vpi_module "C:\iverilog\lib\ivl\system.vpi";
:vpi_module "C:\iverilog\lib\ivl\vhdl_sys.vpi";
:vpi_module "C:\iverilog\lib\ivl\vhdl_textio.vpi";
:vpi_module "C:\iverilog\lib\ivl\v2005_math.vpi";
:vpi_module "C:\iverilog\lib\ivl\va_math.vpi";
S_0000014ffd244de0 .scope module, "cache_mem" "cache_mem" 2 18;
 .timescale -12 -13;
P_0000014ffd275000 .param/l "A" 0 2 22, +C4<00000000000000000000000000000100>;
P_0000014ffd275038 .param/l "ADD_SZ" 0 2 25, +C4<00000000000000000000000000010000>;
P_0000014ffd275070 .param/l "B" 0 2 20, +C4<00000000000000000000000000000010>;
P_0000014ffd2750a8 .param/l "BLK_OFF_SZ" 0 2 27, +C4<00000000000000000000000000000001>;
P_0000014ffd2750e0 .param/l "IND_SZ" 0 2 28, +C4<00000000000000000000000000001000>;
P_0000014ffd275118 .param/l "I_SZ" 0 2 24, +C4<00000000000000000000000000110010>;
P_0000014ffd275150 .param/l "M" 0 2 19, +C4<00000000000000010000000000000000>;
P_0000014ffd275188 .param/l "N" 0 2 23, +C4<00000000000000000000000100000000>;
P_0000014ffd2751c0 .param/l "TAG_SZ" 0 2 26, +C4<00000000000000000000000000000111>;
P_0000014ffd2751f8 .param/l "W" 0 2 21, +C4<00000000000000000000000000100000>;
L_0000014ffd25a910 .functor BUFZ 32, v0000014ffd2c8d10_0, C4<00000000000000000000000000000000>, C4<00000000000000000000000000000000>, C4<00000000000000000000000000000000>;
v0000014ffd2c8bd0_0 .net "address", 15 0, L_0000014ffd2caf40;  1 drivers
v0000014ffd2c8c70_0 .net "block_offset", 0 0, L_0000014ffd2cb440;  1 drivers
v0000014ffd2c92b0_0 .var "clk", 0 0;
v0000014ffd2c8d10_0 .var "cnt", 31 0;
v0000014ffd2c8db0_0 .var "comp", 3 0;
v0000014ffd2c8e50_0 .net "counter", 31 0, L_0000014ffd25a910;  1 drivers
v0000014ffd2c8ef0_0 .var "fn_hit", 0 0;
v0000014ffd2c8f90_0 .var "hit", 3 0;
v0000014ffd2c90d0_0 .var/i "hits", 31 0;
v0000014ffd2c9170_0 .net "index", 7 0, L_0000014ffd2cafe0;  1 drivers
v0000014ffd2c9210_0 .net "instruction", 49 0, v0000014ffd2c88b0_0;  1 drivers
v0000014ffd2c93f0_0 .var/i "miss", 31 0;
v0000014ffd2c9490_0 .var/i "pos", 31 0;
v0000014ffd2c9530_0 .net "rd", 0 0, L_0000014ffd2cba80;  1 drivers
v0000014ffd2c95d0_0 .net "tag", 6 0, L_0000014ffd2cb4e0;  1 drivers
v0000014ffd2c9670 .array "tags", 1023 0, 6 0;
v0000014ffd2ca220_0 .var "temp_tag", 6 0;
v0000014ffd2caae0_0 .var "temp_valid", 0 0;
v0000014ffd2ca9a0_0 .var/i "tries", 31 0;
v0000014ffd2cb3a0 .array "valid", 1023 0, 0 0;
v0000014ffd2cb9e0_0 .net "wr", 0 0, L_0000014ffd2cb620;  1 drivers
E_0000014ffd271f00 .event posedge, v0000014ffd2c92b0_0;
L_0000014ffd2caf40 .part v0000014ffd2c88b0_0, 34, 16;
L_0000014ffd2cba80 .part v0000014ffd2c88b0_0, 1, 1;
L_0000014ffd2cb620 .part v0000014ffd2c88b0_0, 0, 1;
L_0000014ffd2cb4e0 .part L_0000014ffd2caf40, 9, 7;
L_0000014ffd2cafe0 .part L_0000014ffd2caf40, 1, 8;
L_0000014ffd2cb440 .part L_0000014ffd2caf40, 0, 1;
S_0000014ffd2754e0 .scope begin, "$ivl_for_loop0" "$ivl_for_loop0" 2 64, 2 64 0, S_0000014ffd244de0;
 .timescale -12 -13;
v0000014ffd275670_0 .var/i "i", 31 0;
S_0000014ffd275a40 .scope begin, "$ivl_for_loop1" "$ivl_for_loop1" 2 65, 2 65 0, S_0000014ffd2754e0;
 .timescale -12 -13;
v0000014ffd213490_0 .var/i "j", 31 0;
S_0000014ffd275bd0 .scope begin, "$ivl_for_loop10" "$ivl_for_loop10" 2 132, 2 132 0, S_0000014ffd244de0;
 .timescale -12 -13;
v0000014ffd212ca0_0 .var/i "i", 31 0;
S_0000014ffd212d40 .scope begin, "$ivl_for_loop2" "$ivl_for_loop2" 2 76, 2 76 0, S_0000014ffd244de0;
 .timescale -12 -13;
v0000014ffd212ed0_0 .var/i "i", 31 0;
S_0000014ffd212f70 .scope begin, "$ivl_for_loop3" "$ivl_for_loop3" 2 84, 2 84 0, S_0000014ffd244de0;
 .timescale -12 -13;
v0000014ffd213100_0 .var/i "i", 31 0;
S_0000014ffd2c81d0 .scope begin, "$ivl_for_loop4" "$ivl_for_loop4" 2 90, 2 90 0, S_0000014ffd244de0;
 .timescale -12 -13;
v0000014ffd2c8950_0 .var/i "i", 31 0;
S_0000014ffd2c8360 .scope begin, "$ivl_for_loop5" "$ivl_for_loop5" 2 93, 2 93 0, S_0000014ffd2c81d0;
 .timescale -12 -13;
v0000014ffd2c9350_0 .var/i "j", 31 0;
S_0000014ffd2c84f0 .scope begin, "$ivl_for_loop6" "$ivl_for_loop6" 2 97, 2 97 0, S_0000014ffd2c8360;
 .timescale -12 -13;
v0000014ffd2c8680_0 .var/i "k", 31 0;
S_0000014ffd2c9730 .scope begin, "$ivl_for_loop7" "$ivl_for_loop7" 2 107, 2 107 0, S_0000014ffd2c81d0;
 .timescale -12 -13;
v0000014ffd2c8b30_0 .var/i "j", 31 0;
S_0000014ffd2c98c0 .scope begin, "$ivl_for_loop8" "$ivl_for_loop8" 2 111, 2 111 0, S_0000014ffd2c9730;
 .timescale -12 -13;
v0000014ffd2c9030_0 .var/i "k", 31 0;
S_0000014ffd2c9a50 .scope begin, "$ivl_for_loop9" "$ivl_for_loop9" 2 126, 2 126 0, S_0000014ffd244de0;
 .timescale -12 -13;
v0000014ffd2c89f0_0 .var/i "k", 31 0;
S_0000014ffd2c9be0 .scope module, "f" "file" 2 57, 2 3 0, S_0000014ffd244de0;
 .timescale -12 -13;
    .port_info 0 /INPUT 32 "j";
    .port_info 1 /OUTPUT 50 "ins";
P_0000014ffd271980 .param/l "I_SZ" 0 2 3, +C4<00000000000000000000000000110010>;
v0000014ffd2c8770 .array "data", 9999 0, 49 0;
v0000014ffd2c8810_0 .var/i "i", 31 0;
v0000014ffd2c88b0_0 .var "ins", 49 0;
v0000014ffd2c8a90_0 .net "j", 31 0, L_0000014ffd25a910;  alias, 1 drivers
E_0000014ffd271200 .event anyedge, v0000014ffd2c8a90_0;
    .scope S_0000014ffd2c9be0;
T_0 ;
    %vpi_call 2 6 "$readmemh", "instructions.txt", v0000014ffd2c8770 {0 0 0};
    %end;
    .thread T_0;
    .scope S_0000014ffd2c9be0;
T_1 ;
    %pushi/vec4 0, 0, 32;
    %store/vec4 v0000014ffd2c8810_0, 0, 32;
T_1.0 ;
    %load/vec4 v0000014ffd2c8810_0;
    %load/vec4 v0000014ffd2c8a90_0;
    %addi 1, 0, 32;
    %cmp/u;
    %jmp/0xz T_1.1, 5;
    %vpi_call 2 11 "$display", "%b", &A<v0000014ffd2c8770, v0000014ffd2c8810_0 > {0 0 0};
    %load/vec4 v0000014ffd2c8810_0;
    %addi 1, 0, 32;
    %store/vec4 v0000014ffd2c8810_0, 0, 32;
    %jmp T_1.0;
T_1.1 ;
    %end;
    .thread T_1;
    .scope S_0000014ffd2c9be0;
T_2 ;
    %wait E_0000014ffd271200;
    %ix/getv 4, v0000014ffd2c8a90_0;
    %load/vec4a v0000014ffd2c8770, 4;
    %store/vec4 v0000014ffd2c88b0_0, 0, 50;
    %jmp T_2;
    .thread T_2, $push;
    .scope S_0000014ffd244de0;
T_3 ;
    %delay 100, 0;
    %load/vec4 v0000014ffd2c92b0_0;
    %nor/r;
    %store/vec4 v0000014ffd2c92b0_0, 0, 1;
    %jmp T_3;
    .thread T_3;
    .scope S_0000014ffd244de0;
T_4 ;
    %pushi/vec4 0, 0, 32;
    %store/vec4 v0000014ffd2c8d10_0, 0, 32;
    %pushi/vec4 0, 0, 1;
    %store/vec4 v0000014ffd2c92b0_0, 0, 1;
    %pushi/vec4 0, 0, 32;
    %store/vec4 v0000014ffd2c90d0_0, 0, 32;
    %pushi/vec4 0, 0, 32;
    %store/vec4 v0000014ffd2c93f0_0, 0, 32;
    %pushi/vec4 0, 0, 32;
    %store/vec4 v0000014ffd2ca9a0_0, 0, 32;
    %fork t_1, S_0000014ffd2754e0;
    %jmp t_0;
    .scope S_0000014ffd2754e0;
t_1 ;
    %pushi/vec4 0, 0, 32;
    %store/vec4 v0000014ffd275670_0, 0, 32;
T_4.0 ;
    %load/vec4 v0000014ffd275670_0;
    %cmpi/s 256, 0, 32;
    %jmp/0xz T_4.1, 5;
    %fork t_3, S_0000014ffd275a40;
    %jmp t_2;
    .scope S_0000014ffd275a40;
t_3 ;
    %pushi/vec4 0, 0, 32;
    %store/vec4 v0000014ffd213490_0, 0, 32;
T_4.2 ;
    %load/vec4 v0000014ffd213490_0;
    %cmpi/s 4, 0, 32;
    %jmp/0xz T_4.3, 5;
    %pushi/vec4 0, 0, 1;
    %load/vec4 v0000014ffd275670_0;
    %pad/s 35;
    %pad/s 37;
    %muli 4, 0, 37;
    %pad/s 38;
    %load/vec4 v0000014ffd213490_0;
    %pad/s 38;
    %add;
    %ix/vec4/s 4;
    %store/vec4a v0000014ffd2cb3a0, 4, 0;
    %vpi_func 2 67 "$random" 32 {0 0 0};
    %pushi/vec4 65536, 0, 32;
    %mod/s;
    %pad/s 7;
    %load/vec4 v0000014ffd275670_0;
    %pad/s 35;
    %pad/s 37;
    %muli 4, 0, 37;
    %pad/s 38;
    %load/vec4 v0000014ffd213490_0;
    %pad/s 38;
    %add;
    %ix/vec4/s 4;
    %store/vec4a v0000014ffd2c9670, 4, 0;
    ; show_stmt_assign_vector: Get l-value for compressed += operand
    %load/vec4 v0000014ffd213490_0;
    %pushi/vec4 1, 0, 32;
    %add;
    %store/vec4 v0000014ffd213490_0, 0, 32;
    %jmp T_4.2;
T_4.3 ;
    %end;
    .scope S_0000014ffd2754e0;
t_2 %join;
    ; show_stmt_assign_vector: Get l-value for compressed += operand
    %load/vec4 v0000014ffd275670_0;
    %pushi/vec4 1, 0, 32;
    %add;
    %store/vec4 v0000014ffd275670_0, 0, 32;
    %jmp T_4.0;
T_4.1 ;
    %end;
    .scope S_0000014ffd244de0;
t_0 %join;
    %end;
    .thread T_4;
    .scope S_0000014ffd244de0;
T_5 ;
    %wait E_0000014ffd271f00;
    %delay 100, 0;
    %load/vec4 v0000014ffd2c8d10_0;
    %addi 1, 0, 32;
    %store/vec4 v0000014ffd2c8d10_0, 0, 32;
    %load/vec4 v0000014ffd2ca9a0_0;
    %addi 1, 0, 32;
    %store/vec4 v0000014ffd2ca9a0_0, 0, 32;
    %pushi/vec4 0, 0, 1;
    %store/vec4 v0000014ffd2c8ef0_0, 0, 1;
    %fork t_5, S_0000014ffd212d40;
    %jmp t_4;
    .scope S_0000014ffd212d40;
t_5 ;
    %pushi/vec4 0, 0, 32;
    %store/vec4 v0000014ffd212ed0_0, 0, 32;
T_5.0 ;
    %load/vec4 v0000014ffd212ed0_0;
    %cmpi/s 4, 0, 32;
    %jmp/0xz T_5.1, 5;
    %load/vec4 v0000014ffd2c9170_0;
    %pad/u 13;
    %pad/u 15;
    %muli 4, 0, 15;
    %pad/u 16;
    %load/vec4 v0000014ffd212ed0_0;
    %pad/s 16;
    %add;
    %ix/vec4 4;
    %load/vec4a v0000014ffd2c9670, 4;
    %load/vec4 v0000014ffd2c95d0_0;
    %cmp/e;
    %jmp/0xz  T_5.2, 4;
    %pushi/vec4 1, 0, 1;
    %ix/getv/s 4, v0000014ffd212ed0_0;
    %store/vec4 v0000014ffd2c8db0_0, 4, 1;
    %jmp T_5.3;
T_5.2 ;
    %pushi/vec4 0, 0, 1;
    %ix/getv/s 4, v0000014ffd212ed0_0;
    %store/vec4 v0000014ffd2c8db0_0, 4, 1;
T_5.3 ;
    %load/vec4 v0000014ffd212ed0_0;
    %addi 1, 0, 32;
    %store/vec4 v0000014ffd212ed0_0, 0, 32;
    %jmp T_5.0;
T_5.1 ;
    %end;
    .scope S_0000014ffd244de0;
t_4 %join;
    %fork t_7, S_0000014ffd212f70;
    %jmp t_6;
    .scope S_0000014ffd212f70;
t_7 ;
    %pushi/vec4 0, 0, 32;
    %store/vec4 v0000014ffd213100_0, 0, 32;
T_5.4 ;
    %load/vec4 v0000014ffd213100_0;
    %cmpi/s 4, 0, 32;
    %jmp/0xz T_5.5, 5;
    %load/vec4 v0000014ffd2c8db0_0;
    %load/vec4 v0000014ffd213100_0;
    %part/s 1;
    %load/vec4 v0000014ffd2c9170_0;
    %pad/u 13;
    %pad/u 15;
    %muli 4, 0, 15;
    %pad/u 16;
    %load/vec4 v0000014ffd213100_0;
    %pad/s 16;
    %add;
    %ix/vec4 4;
    %load/vec4a v0000014ffd2cb3a0, 4;
    %and;
    %ix/getv/s 4, v0000014ffd213100_0;
    %store/vec4 v0000014ffd2c8f90_0, 4, 1;
    %load/vec4 v0000014ffd2c8ef0_0;
    %load/vec4 v0000014ffd2c8f90_0;
    %load/vec4 v0000014ffd213100_0;
    %part/s 1;
    %or;
    %store/vec4 v0000014ffd2c8ef0_0, 0, 1;
    ; show_stmt_assign_vector: Get l-value for compressed += operand
    %load/vec4 v0000014ffd213100_0;
    %pushi/vec4 1, 0, 32;
    %add;
    %store/vec4 v0000014ffd213100_0, 0, 32;
    %jmp T_5.4;
T_5.5 ;
    %end;
    .scope S_0000014ffd244de0;
t_6 %join;
    %load/vec4 v0000014ffd2c8ef0_0;
    %flag_set/vec4 8;
    %jmp/0xz  T_5.6, 8;
    %load/vec4 v0000014ffd2c90d0_0;
    %addi 1, 0, 32;
    %store/vec4 v0000014ffd2c90d0_0, 0, 32;
    %fork t_9, S_0000014ffd2c81d0;
    %jmp t_8;
    .scope S_0000014ffd2c81d0;
t_9 ;
    %pushi/vec4 0, 0, 32;
    %store/vec4 v0000014ffd2c8950_0, 0, 32;
T_5.8 ;
    %load/vec4 v0000014ffd2c8950_0;
    %cmpi/s 4, 0, 32;
    %jmp/0xz T_5.9, 5;
    %load/vec4 v0000014ffd2c8f90_0;
    %load/vec4 v0000014ffd2c8950_0;
    %part/s 1;
    %flag_set/vec4 8;
    %jmp/0xz  T_5.10, 8;
    %load/vec4 v0000014ffd2c9530_0;
    %flag_set/vec4 8;
    %jmp/0xz  T_5.12, 8;
    %fork t_11, S_0000014ffd2c8360;
    %jmp t_10;
    .scope S_0000014ffd2c8360;
t_11 ;
    %pushi/vec4 3, 0, 32;
    %store/vec4 v0000014ffd2c9350_0, 0, 32;
T_5.14 ;
    %load/vec4 v0000014ffd2c8950_0;
    %load/vec4 v0000014ffd2c9350_0;
    %cmp/s;
    %jmp/0xz T_5.15, 5;
    %load/vec4 v0000014ffd2c9170_0;
    %pad/u 13;
    %pad/u 15;
    %muli 4, 0, 15;
    %pad/u 16;
    %load/vec4 v0000014ffd2c9350_0;
    %pad/s 16;
    %add;
    %ix/vec4 4;
    %load/vec4a v0000014ffd2cb3a0, 4;
    %flag_set/vec4 8;
    %jmp/0xz  T_5.16, 8;
    %load/vec4 v0000014ffd2c9170_0;
    %pad/u 13;
    %pad/u 15;
    %muli 4, 0, 15;
    %pad/u 16;
    %load/vec4 v0000014ffd2c8950_0;
    %pad/s 16;
    %add;
    %ix/vec4 4;
    %load/vec4a v0000014ffd2c9670, 4;
    %store/vec4 v0000014ffd2ca220_0, 0, 7;
    %load/vec4 v0000014ffd2c9170_0;
    %pad/u 13;
    %pad/u 15;
    %muli 4, 0, 15;
    %pad/u 16;
    %load/vec4 v0000014ffd2c8950_0;
    %pad/s 16;
    %add;
    %ix/vec4 4;
    %load/vec4a v0000014ffd2cb3a0, 4;
    %store/vec4 v0000014ffd2caae0_0, 0, 1;
    %fork t_13, S_0000014ffd2c84f0;
    %jmp t_12;
    .scope S_0000014ffd2c84f0;
t_13 ;
    %load/vec4 v0000014ffd2c8950_0;
    %store/vec4 v0000014ffd2c8680_0, 0, 32;
T_5.18 ;
    %load/vec4 v0000014ffd2c8680_0;
    %load/vec4 v0000014ffd2c9350_0;
    %cmp/s;
    %jmp/0xz T_5.19, 5;
    %load/vec4 v0000014ffd2c9170_0;
    %pad/u 13;
    %pad/u 15;
    %muli 4, 0, 15;
    %pad/u 16;
    %load/vec4 v0000014ffd2c8680_0;
    %addi 1, 0, 32;
    %pad/s 16;
    %add;
    %ix/vec4 4;
    %load/vec4a v0000014ffd2cb3a0, 4;
    %load/vec4 v0000014ffd2c9170_0;
    %pad/u 13;
    %pad/u 15;
    %muli 4, 0, 15;
    %pad/u 16;
    %load/vec4 v0000014ffd2c8680_0;
    %pad/s 16;
    %add;
    %ix/vec4 4;
    %store/vec4a v0000014ffd2cb3a0, 4, 0;
    %load/vec4 v0000014ffd2c9170_0;
    %pad/u 13;
    %pad/u 15;
    %muli 4, 0, 15;
    %pad/u 16;
    %load/vec4 v0000014ffd2c8680_0;
    %addi 1, 0, 32;
    %pad/s 16;
    %add;
    %ix/vec4 4;
    %load/vec4a v0000014ffd2c9670, 4;
    %load/vec4 v0000014ffd2c9170_0;
    %pad/u 13;
    %pad/u 15;
    %muli 4, 0, 15;
    %pad/u 16;
    %load/vec4 v0000014ffd2c8680_0;
    %pad/s 16;
    %add;
    %ix/vec4 4;
    %store/vec4a v0000014ffd2c9670, 4, 0;
    ; show_stmt_assign_vector: Get l-value for compressed += operand
    %load/vec4 v0000014ffd2c8680_0;
    %pushi/vec4 1, 0, 32;
    %add;
    %store/vec4 v0000014ffd2c8680_0, 0, 32;
    %jmp T_5.18;
T_5.19 ;
    %end;
    .scope S_0000014ffd2c8360;
t_12 %join;
    %load/vec4 v0000014ffd2caae0_0;
    %load/vec4 v0000014ffd2c9170_0;
    %pad/u 13;
    %pad/u 15;
    %muli 4, 0, 15;
    %pad/u 16;
    %load/vec4 v0000014ffd2c9350_0;
    %pad/s 16;
    %add;
    %ix/vec4 4;
    %store/vec4a v0000014ffd2cb3a0, 4, 0;
    %load/vec4 v0000014ffd2ca220_0;
    %load/vec4 v0000014ffd2c9170_0;
    %pad/u 13;
    %pad/u 15;
    %muli 4, 0, 15;
    %pad/u 16;
    %load/vec4 v0000014ffd2c9350_0;
    %pad/s 16;
    %add;
    %ix/vec4 4;
    %store/vec4a v0000014ffd2c9670, 4, 0;
T_5.16 ;
    ; show_stmt_assign_vector: Get l-value for compressed -= operand
    %load/vec4 v0000014ffd2c9350_0;
    %pushi/vec4 1, 0, 32;
    %sub;
    %store/vec4 v0000014ffd2c9350_0, 0, 32;
    %jmp T_5.14;
T_5.15 ;
    %end;
    .scope S_0000014ffd2c81d0;
t_10 %join;
    %jmp T_5.13;
T_5.12 ;
    %load/vec4 v0000014ffd2cb9e0_0;
    %flag_set/vec4 8;
    %jmp/0xz  T_5.20, 8;
    %fork t_15, S_0000014ffd2c9730;
    %jmp t_14;
    .scope S_0000014ffd2c9730;
t_15 ;
    %pushi/vec4 3, 0, 32;
    %store/vec4 v0000014ffd2c8b30_0, 0, 32;
T_5.22 ;
    %load/vec4 v0000014ffd2c8950_0;
    %load/vec4 v0000014ffd2c8b30_0;
    %cmp/s;
    %jmp/0xz T_5.23, 5;
    %load/vec4 v0000014ffd2c9170_0;
    %pad/u 13;
    %pad/u 15;
    %muli 4, 0, 15;
    %pad/u 16;
    %load/vec4 v0000014ffd2c8b30_0;
    %pad/s 16;
    %add;
    %ix/vec4 4;
    %load/vec4a v0000014ffd2cb3a0, 4;
    %flag_set/vec4 8;
    %jmp/0xz  T_5.24, 8;
    %load/vec4 v0000014ffd2c9170_0;
    %pad/u 13;
    %pad/u 15;
    %muli 4, 0, 15;
    %pad/u 16;
    %load/vec4 v0000014ffd2c8950_0;
    %pad/s 16;
    %add;
    %ix/vec4 4;
    %load/vec4a v0000014ffd2c9670, 4;
    %store/vec4 v0000014ffd2ca220_0, 0, 7;
    %load/vec4 v0000014ffd2c9170_0;
    %pad/u 13;
    %pad/u 15;
    %muli 4, 0, 15;
    %pad/u 16;
    %load/vec4 v0000014ffd2c8950_0;
    %pad/s 16;
    %add;
    %ix/vec4 4;
    %load/vec4a v0000014ffd2cb3a0, 4;
    %store/vec4 v0000014ffd2caae0_0, 0, 1;
    %fork t_17, S_0000014ffd2c98c0;
    %jmp t_16;
    .scope S_0000014ffd2c98c0;
t_17 ;
    %load/vec4 v0000014ffd2c8950_0;
    %store/vec4 v0000014ffd2c9030_0, 0, 32;
T_5.26 ;
    %load/vec4 v0000014ffd2c9030_0;
    %load/vec4 v0000014ffd2c8b30_0;
    %cmp/s;
    %jmp/0xz T_5.27, 5;
    %load/vec4 v0000014ffd2c9170_0;
    %pad/u 13;
    %pad/u 15;
    %muli 4, 0, 15;
    %pad/u 16;
    %load/vec4 v0000014ffd2c9030_0;
    %addi 1, 0, 32;
    %pad/s 16;
    %add;
    %ix/vec4 4;
    %load/vec4a v0000014ffd2cb3a0, 4;
    %load/vec4 v0000014ffd2c9170_0;
    %pad/u 13;
    %pad/u 15;
    %muli 4, 0, 15;
    %pad/u 16;
    %load/vec4 v0000014ffd2c9030_0;
    %pad/s 16;
    %add;
    %ix/vec4 4;
    %store/vec4a v0000014ffd2cb3a0, 4, 0;
    %load/vec4 v0000014ffd2c9170_0;
    %pad/u 13;
    %pad/u 15;
    %muli 4, 0, 15;
    %pad/u 16;
    %load/vec4 v0000014ffd2c9030_0;
    %addi 1, 0, 32;
    %pad/s 16;
    %add;
    %ix/vec4 4;
    %load/vec4a v0000014ffd2c9670, 4;
    %load/vec4 v0000014ffd2c9170_0;
    %pad/u 13;
    %pad/u 15;
    %muli 4, 0, 15;
    %pad/u 16;
    %load/vec4 v0000014ffd2c9030_0;
    %pad/s 16;
    %add;
    %ix/vec4 4;
    %store/vec4a v0000014ffd2c9670, 4, 0;
    ; show_stmt_assign_vector: Get l-value for compressed += operand
    %load/vec4 v0000014ffd2c9030_0;
    %pushi/vec4 1, 0, 32;
    %add;
    %store/vec4 v0000014ffd2c9030_0, 0, 32;
    %jmp T_5.26;
T_5.27 ;
    %end;
    .scope S_0000014ffd2c9730;
t_16 %join;
    %load/vec4 v0000014ffd2caae0_0;
    %load/vec4 v0000014ffd2c9170_0;
    %pad/u 13;
    %pad/u 15;
    %muli 4, 0, 15;
    %pad/u 16;
    %load/vec4 v0000014ffd2c8b30_0;
    %pad/s 16;
    %add;
    %ix/vec4 4;
    %store/vec4a v0000014ffd2cb3a0, 4, 0;
    %load/vec4 v0000014ffd2ca220_0;
    %load/vec4 v0000014ffd2c9170_0;
    %pad/u 13;
    %pad/u 15;
    %muli 4, 0, 15;
    %pad/u 16;
    %load/vec4 v0000014ffd2c8b30_0;
    %pad/s 16;
    %add;
    %ix/vec4 4;
    %store/vec4a v0000014ffd2c9670, 4, 0;
T_5.24 ;
    ; show_stmt_assign_vector: Get l-value for compressed -= operand
    %load/vec4 v0000014ffd2c8b30_0;
    %pushi/vec4 1, 0, 32;
    %sub;
    %store/vec4 v0000014ffd2c8b30_0, 0, 32;
    %jmp T_5.22;
T_5.23 ;
    %end;
    .scope S_0000014ffd2c81d0;
t_14 %join;
T_5.20 ;
T_5.13 ;
T_5.10 ;
    ; show_stmt_assign_vector: Get l-value for compressed += operand
    %load/vec4 v0000014ffd2c8950_0;
    %pushi/vec4 1, 0, 32;
    %add;
    %store/vec4 v0000014ffd2c8950_0, 0, 32;
    %jmp T_5.8;
T_5.9 ;
    %end;
    .scope S_0000014ffd244de0;
t_8 %join;
    %jmp T_5.7;
T_5.6 ;
    %load/vec4 v0000014ffd2c93f0_0;
    %addi 1, 0, 32;
    %store/vec4 v0000014ffd2c93f0_0, 0, 32;
    %pushi/vec4 12, 0, 5;
    %pad/s 6;
    %load/vec4 v0000014ffd2c9170_0;
    %pad/u 6;
    %add;
    %ix/vec4 4;
    %load/vec4a v0000014ffd2cb3a0, 4;
    %flag_set/vec4 8;
    %jmp/0xz  T_5.28, 8;
    %fork t_19, S_0000014ffd2c9a50;
    %jmp t_18;
    .scope S_0000014ffd2c9a50;
t_19 ;
    %pushi/vec4 1, 0, 32;
    %store/vec4 v0000014ffd2c89f0_0, 0, 32;
T_5.30 ;
    %load/vec4 v0000014ffd2c89f0_0;
    %cmpi/s 3, 0, 32;
    %jmp/0xz T_5.31, 5;
    %load/vec4 v0000014ffd2c9170_0;
    %pad/u 13;
    %pad/u 15;
    %muli 4, 0, 15;
    %pad/u 16;
    %load/vec4 v0000014ffd2c89f0_0;
    %addi 1, 0, 32;
    %pad/s 16;
    %add;
    %ix/vec4 4;
    %load/vec4a v0000014ffd2cb3a0, 4;
    %load/vec4 v0000014ffd2c9170_0;
    %pad/u 13;
    %pad/u 15;
    %muli 4, 0, 15;
    %pad/u 16;
    %load/vec4 v0000014ffd2c89f0_0;
    %pad/s 16;
    %add;
    %ix/vec4 4;
    %store/vec4a v0000014ffd2cb3a0, 4, 0;
    %load/vec4 v0000014ffd2c9170_0;
    %pad/u 13;
    %pad/u 15;
    %muli 4, 0, 15;
    %pad/u 16;
    %load/vec4 v0000014ffd2c89f0_0;
    %addi 1, 0, 32;
    %pad/s 16;
    %add;
    %ix/vec4 4;
    %load/vec4a v0000014ffd2c9670, 4;
    %load/vec4 v0000014ffd2c9170_0;
    %pad/u 13;
    %pad/u 15;
    %muli 4, 0, 15;
    %pad/u 16;
    %load/vec4 v0000014ffd2c89f0_0;
    %pad/s 16;
    %add;
    %ix/vec4 4;
    %store/vec4a v0000014ffd2c9670, 4, 0;
    ; show_stmt_assign_vector: Get l-value for compressed += operand
    %load/vec4 v0000014ffd2c89f0_0;
    %pushi/vec4 1, 0, 32;
    %add;
    %store/vec4 v0000014ffd2c89f0_0, 0, 32;
    %jmp T_5.30;
T_5.31 ;
    %end;
    .scope S_0000014ffd244de0;
t_18 %join;
    %jmp T_5.29;
T_5.28 ;
    %fork t_21, S_0000014ffd275bd0;
    %jmp t_20;
    .scope S_0000014ffd275bd0;
t_21 ;
    %pushi/vec4 0, 0, 32;
    %store/vec4 v0000014ffd212ca0_0, 0, 32;
T_5.32 ;
    %load/vec4 v0000014ffd212ca0_0;
    %cmpi/s 3, 0, 32;
    %jmp/0xz T_5.33, 5;
    %load/vec4 v0000014ffd2c9170_0;
    %pad/u 13;
    %pad/u 15;
    %muli 4, 0, 15;
    %pad/u 16;
    %load/vec4 v0000014ffd212ca0_0;
    %pad/s 16;
    %add;
    %ix/vec4 4;
    %load/vec4a v0000014ffd2cb3a0, 4;
    %load/vec4 v0000014ffd2c9170_0;
    %pad/u 13;
    %pad/u 15;
    %muli 4, 0, 15;
    %pad/u 16;
    %load/vec4 v0000014ffd212ca0_0;
    %addi 1, 0, 32;
    %pad/s 16;
    %add;
    %ix/vec4 4;
    %load/vec4a v0000014ffd2cb3a0, 4;
    %pushi/vec4 0, 0, 1;
    %cmp/e;
    %flag_get/vec4 4;
    %and;
    %flag_set/vec4 8;
    %jmp/0xz  T_5.34, 8;
    %load/vec4 v0000014ffd212ca0_0;
    %addi 1, 0, 32;
    %store/vec4 v0000014ffd2c9490_0, 0, 32;
T_5.34 ;
    ; show_stmt_assign_vector: Get l-value for compressed += operand
    %load/vec4 v0000014ffd212ca0_0;
    %pushi/vec4 1, 0, 32;
    %add;
    %store/vec4 v0000014ffd212ca0_0, 0, 32;
    %jmp T_5.32;
T_5.33 ;
    %end;
    .scope S_0000014ffd244de0;
t_20 %join;
    %pushi/vec4 1, 0, 1;
    %load/vec4 v0000014ffd2c9170_0;
    %pad/u 13;
    %pad/u 15;
    %muli 4, 0, 15;
    %pad/u 16;
    %load/vec4 v0000014ffd2c9490_0;
    %pad/s 16;
    %add;
    %ix/vec4 4;
    %store/vec4a v0000014ffd2cb3a0, 4, 0;
    %load/vec4 v0000014ffd2c95d0_0;
    %load/vec4 v0000014ffd2c9170_0;
    %pad/u 13;
    %pad/u 15;
    %muli 4, 0, 15;
    %pad/u 16;
    %load/vec4 v0000014ffd2c9490_0;
    %pad/s 16;
    %add;
    %ix/vec4 4;
    %store/vec4a v0000014ffd2c9670, 4, 0;
T_5.29 ;
    %load/vec4 v0000014ffd2c9170_0;
    %pad/u 13;
    %pad/u 15;
    %muli 4, 0, 15;
    %ix/vec4 4;
    %load/vec4a v0000014ffd2cb3a0, 4;
    %cmpi/e 0, 0, 1;
    %jmp/0xz  T_5.36, 4;
    %pushi/vec4 1, 0, 1;
    %load/vec4 v0000014ffd2c9170_0;
    %pad/u 13;
    %pad/u 15;
    %muli 4, 0, 15;
    %ix/vec4 4;
    %store/vec4a v0000014ffd2cb3a0, 4, 0;
    %load/vec4 v0000014ffd2c95d0_0;
    %load/vec4 v0000014ffd2c9170_0;
    %pad/u 13;
    %pad/u 15;
    %muli 4, 0, 15;
    %ix/vec4 4;
    %store/vec4a v0000014ffd2c9670, 4, 0;
T_5.36 ;
T_5.7 ;
    %load/vec4 v0000014ffd2c8d10_0;
    %cmpi/e 41832, 0, 32;
    %jmp/0xz  T_5.38, 4;
    %vpi_call 2 147 "$display", "Number of hits = %d", v0000014ffd2c90d0_0 {0 0 0};
    %vpi_call 2 148 "$display", "Number of misses = %d", v0000014ffd2c93f0_0 {0 0 0};
    %vpi_call 2 149 "$display", "Total number of tries = %d", v0000014ffd2ca9a0_0 {0 0 0};
    %vpi_call 2 150 "$display", $time {0 0 0};
    %vpi_call 2 151 "$finish" {0 0 0};
T_5.38 ;
    %jmp T_5;
    .thread T_5;
# The file index is used to find the file name in the following table.
:file_names 3;
    "N/A";
    "<interactive>";
    "cache.v";
