#! /c/Source/iverilog-install/bin/vvp
:ivl_version "12.0 (devel)" "(s20150603-1539-g2693dd32b)";
:ivl_delay_selection "TYPICAL";
:vpi_time_precision - 13;
:vpi_module "C:\iverilog\lib\ivl\system.vpi";
:vpi_module "C:\iverilog\lib\ivl\vhdl_sys.vpi";
:vpi_module "C:\iverilog\lib\ivl\vhdl_textio.vpi";
:vpi_module "C:\iverilog\lib\ivl\v2005_math.vpi";
:vpi_module "C:\iverilog\lib\ivl\va_math.vpi";
S_000001a819529050 .scope module, "cache_mem" "cache_mem" 2 32;
 .timescale -12 -13;
P_000001a8195295b0 .param/l "A" 0 2 40, +C4<00000000000000000000000000000100>;
P_000001a8195295e8 .param/l "ADD_SZ" 0 2 43, +C4<00000000000000000000000000010000>;
P_000001a819529620 .param/l "B" 0 2 38, +C4<00000000000000000000000000000010>;
P_000001a819529658 .param/l "BLK_OFF_SZ" 0 2 45, +C4<00000000000000000000000000000001>;
P_000001a819529690 .param/l "IND_SZ" 0 2 46, +C4<00000000000000000000000000001000>;
P_000001a8195296c8 .param/l "I_SZ" 0 2 42, +C4<00000000000000000000000000110010>;
P_000001a819529700 .param/l "M" 0 2 37, +C4<00000000000000010000000000000000>;
P_000001a819529738 .param/l "N" 0 2 41, +C4<00000000000000000000000100000000>;
P_000001a819529770 .param/l "TAG_SZ" 0 2 44, +C4<00000000000000000000000000000111>;
P_000001a8195297a8 .param/l "W" 0 2 39, +C4<00000000000000000000000000100000>;
L_000001a8194fba10 .functor BUFZ 32, v000001a81958df40_0, C4<00000000000000000000000000000000>, C4<00000000000000000000000000000000>, C4<00000000000000000000000000000000>;
L_000001a8194fc0a0 .functor BUFZ 1, v000001a81958d360_0, C4<0>, C4<0>, C4<0>;
v000001a81958e760_0 .net "address", 15 0, L_000001a81958fe00;  1 drivers
v000001a81958dcc0 .array "block", 2047 0, 31 0;
v000001a81958e300_0 .net "block_offset", 0 0, L_000001a8195913e0;  1 drivers
v000001a81958e080_0 .var "clk", 0 0;
v000001a81958df40_0 .var "cnt", 31 0;
v000001a81958ed00_0 .var "comp", 3 0;
v000001a81958d2c0_0 .net "counter", 31 0, L_000001a8194fba10;  1 drivers
v000001a81958d9a0_0 .net "data", 31 0, L_000001a819591200;  1 drivers
v000001a81958e620_0 .net "f_hit", 0 0, L_000001a8194fc0a0;  1 drivers
v000001a81958d360_0 .var "fn_hit", 0 0;
v000001a81958d400_0 .var "hit", 3 0;
v000001a81958e260_0 .var/i "hits", 31 0;
v000001a81958d5e0_0 .net "index", 7 0, L_000001a819590f80;  1 drivers
v000001a81958e3a0_0 .net "instruction", 49 0, v000001a81958d4a0_0;  1 drivers
v000001a81958d680 .array "main_mem", 0 65535, 31 0;
v000001a81958d7c0_0 .var/i "miss", 31 0;
v000001a81958d900_0 .var/i "pos", 31 0;
v000001a81958ec60_0 .net "rd", 0 0, L_000001a819590940;  1 drivers
v000001a81958d720_0 .var "read_data", 31 0;
v000001a81958e4e0_0 .net "tag", 6 0, L_000001a819590760;  1 drivers
v000001a81958e6c0 .array "tags", 1023 0, 6 0;
v000001a81958da40_0 .var "temp_add", 15 0;
v000001a81958e800 .array "temp_block", 0 1, 31 0;
v000001a81958d860_0 .var "temp_block_offset", 0 0;
v000001a81958e8a0_0 .var "temp_index", 7 0;
v000001a81958e9e0_0 .var "temp_tag", 6 0;
v000001a81958dd60_0 .var "temp_tags", 6 0;
v000001a81958ea80_0 .var "temp_valid", 0 0;
v000001a819590260_0 .var/i "tries", 31 0;
v000001a8195906c0 .array "valid", 1023 0, 0 0;
v000001a819590300_0 .net "wr", 0 0, L_000001a81958f9a0;  1 drivers
E_000001a81951b850 .event posedge, v000001a81958e080_0;
L_000001a81958fe00 .part v000001a81958d4a0_0, 34, 16;
L_000001a819591200 .part v000001a81958d4a0_0, 2, 32;
L_000001a819590940 .part v000001a81958d4a0_0, 1, 1;
L_000001a81958f9a0 .part v000001a81958d4a0_0, 0, 1;
L_000001a819590760 .part L_000001a81958fe00, 9, 7;
L_000001a819590f80 .part L_000001a81958fe00, 1, 8;
L_000001a8195913e0 .part L_000001a81958fe00, 0, 1;
S_000001a81947d090 .scope begin, "$ivl_for_loop0" "$ivl_for_loop0" 2 128, 2 128 0, S_000001a819529050;
 .timescale -12 -13;
v000001a819515d50_0 .var/i "i", 31 0;
S_000001a81947d220 .scope begin, "$ivl_for_loop1" "$ivl_for_loop1" 2 133, 2 133 0, S_000001a819529050;
 .timescale -12 -13;
v000001a8195161b0_0 .var/i "i", 31 0;
S_000001a819584090 .scope begin, "$ivl_for_loop2" "$ivl_for_loop2" 2 134, 2 134 0, S_000001a81947d220;
 .timescale -12 -13;
v000001a819516110_0 .var/i "j", 31 0;
S_000001a819584220 .scope begin, "$ivl_for_loop19" "$ivl_for_loop19" 2 274, 2 274 0, S_000001a819529050;
 .timescale -12 -13;
v000001a819516390_0 .var/i "i", 31 0;
S_000001a8195843b0 .scope begin, "$ivl_for_loop20" "$ivl_for_loop20" 2 276, 2 276 0, S_000001a819584220;
 .timescale -12 -13;
v000001a819515c10_0 .var/i "j", 31 0;
S_000001a819584540 .scope begin, "$ivl_for_loop21" "$ivl_for_loop21" 2 280, 2 280 0, S_000001a8195843b0;
 .timescale -12 -13;
v000001a819515670_0 .var/i "k", 31 0;
S_000001a8195846d0 .scope begin, "$ivl_for_loop22" "$ivl_for_loop22" 2 294, 2 294 0, S_000001a819529050;
 .timescale -12 -13;
v000001a819515df0_0 .var/i "i", 31 0;
S_000001a819584860 .scope begin, "$ivl_for_loop23" "$ivl_for_loop23" 2 301, 2 301 0, S_000001a819529050;
 .timescale -12 -13;
v000001a8195157b0_0 .var/i "k", 31 0;
S_000001a8195849f0 .scope begin, "$ivl_for_loop24" "$ivl_for_loop24" 2 302, 2 302 0, S_000001a819584860;
 .timescale -12 -13;
v000001a819515cb0_0 .var/i "l", 31 0;
S_000001a81958cb90 .scope begin, "$ivl_for_loop25" "$ivl_for_loop25" 2 321, 2 321 0, S_000001a819529050;
 .timescale -12 -13;
v000001a8195162f0_0 .var/i "i", 31 0;
S_000001a81958cd20 .scope begin, "$ivl_for_loop26" "$ivl_for_loop26" 2 329, 2 329 0, S_000001a819529050;
 .timescale -12 -13;
v000001a81958dea0_0 .var/i "k", 31 0;
S_000001a81957b020 .scope begin, "$ivl_for_loop27" "$ivl_for_loop27" 2 347, 2 347 0, S_000001a819529050;
 .timescale -12 -13;
v000001a81958dfe0_0 .var/i "k", 31 0;
S_000001a81957b1b0 .scope begin, "$ivl_for_loop3" "$ivl_for_loop3" 2 141, 2 141 0, S_000001a819529050;
 .timescale -12 -13;
v000001a81958ebc0_0 .var/i "i", 31 0;
S_000001a81957b340 .scope begin, "$ivl_for_loop4" "$ivl_for_loop4" 2 142, 2 142 0, S_000001a81957b1b0;
 .timescale -12 -13;
v000001a81958e120_0 .var/i "j", 31 0;
S_000001a81957b4d0 .scope begin, "$ivl_for_loop5" "$ivl_for_loop5" 2 143, 2 143 0, S_000001a81957b340;
 .timescale -12 -13;
v000001a81958e940_0 .var/i "k", 31 0;
S_000001a81957b660 .scope begin, "$ivl_for_loop6" "$ivl_for_loop6" 2 165, 2 165 0, S_000001a819529050;
 .timescale -12 -13;
v000001a81958d220_0 .var/i "i", 31 0;
S_000001a81957b9d0 .scope begin, "$ivl_for_loop7" "$ivl_for_loop7" 2 175, 2 175 0, S_000001a819529050;
 .timescale -12 -13;
v000001a81958cfa0_0 .var/i "i", 31 0;
S_000001a81957c1a0 .scope begin, "$ivl_for_loop8" "$ivl_for_loop8" 2 185, 2 185 0, S_000001a819529050;
 .timescale -12 -13;
v000001a81958d040_0 .var/i "i", 31 0;
S_000001a81957bb60 .scope begin, "$ivl_for_loop14" "$ivl_for_loop14" 2 230, 2 230 0, S_000001a81957c1a0;
 .timescale -12 -13;
v000001a81958e1c0_0 .var/i "j", 31 0;
S_000001a81957c4c0 .scope begin, "$ivl_for_loop15" "$ivl_for_loop15" 2 237, 2 237 0, S_000001a81957bb60;
 .timescale -12 -13;
v000001a81958eda0_0 .var/i "k", 31 0;
S_000001a81957bcf0 .scope begin, "$ivl_for_loop16" "$ivl_for_loop16" 2 242, 2 242 0, S_000001a81957bb60;
 .timescale -12 -13;
v000001a81958e440_0 .var/i "k", 31 0;
S_000001a81957b840 .scope begin, "$ivl_for_loop17" "$ivl_for_loop17" 2 243, 2 243 0, S_000001a81957bcf0;
 .timescale -12 -13;
v000001a81958dae0_0 .var/i "l", 31 0;
S_000001a81957c010 .scope begin, "$ivl_for_loop18" "$ivl_for_loop18" 2 251, 2 251 0, S_000001a81957bb60;
 .timescale -12 -13;
v000001a81958db80_0 .var/i "k", 31 0;
S_000001a81957c650 .scope begin, "$ivl_for_loop9" "$ivl_for_loop9" 2 193, 2 193 0, S_000001a81957c1a0;
 .timescale -12 -13;
v000001a81958de00_0 .var/i "j", 31 0;
S_000001a81957be80 .scope begin, "$ivl_for_loop10" "$ivl_for_loop10" 2 200, 2 200 0, S_000001a81957c650;
 .timescale -12 -13;
v000001a81958d0e0_0 .var/i "k", 31 0;
S_000001a81957c330 .scope begin, "$ivl_for_loop11" "$ivl_for_loop11" 2 205, 2 205 0, S_000001a81957c650;
 .timescale -12 -13;
v000001a81958d540_0 .var/i "k", 31 0;
S_000001a81957dfc0 .scope begin, "$ivl_for_loop12" "$ivl_for_loop12" 2 206, 2 206 0, S_000001a81957c330;
 .timescale -12 -13;
v000001a81958cf00_0 .var/i "l", 31 0;
S_000001a81957de30 .scope begin, "$ivl_for_loop13" "$ivl_for_loop13" 2 214, 2 214 0, S_000001a81957c650;
 .timescale -12 -13;
v000001a81958dc20_0 .var/i "k", 31 0;
S_000001a81957db10 .scope module, "f" "file" 2 109, 2 7 0, S_000001a819529050;
 .timescale -12 -13;
    .port_info 0 /INPUT 32 "j";
    .port_info 1 /OUTPUT 50 "ins";
P_000001a81951b890 .param/l "I_SZ" 0 2 7, +C4<00000000000000000000000000110010>;
v000001a81958e580 .array "data", 9999 0, 49 0;
v000001a81958eb20_0 .var/i "i", 31 0;
v000001a81958d4a0_0 .var "ins", 49 0;
v000001a81958d180_0 .net "j", 31 0, L_000001a8194fba10;  alias, 1 drivers
E_000001a81951bb50 .event anyedge, v000001a81958d180_0;
    .scope S_000001a81957db10;
T_0 ;
    %vpi_call 2 10 "$readmemb", "instructions.txt", v000001a81958e580 {0 0 0};
    %end;
    .thread T_0;
    .scope S_000001a81957db10;
T_1 ;
    %pushi/vec4 0, 0, 32;
    %store/vec4 v000001a81958eb20_0, 0, 32;
T_1.0 ;
    %load/vec4 v000001a81958eb20_0;
    %load/vec4 v000001a81958d180_0;
    %addi 1, 0, 32;
    %cmp/u;
    %jmp/0xz T_1.1, 5;
    %vpi_call 2 16 "$display", "%b", &A<v000001a81958e580, v000001a81958eb20_0 > {0 0 0};
    %load/vec4 v000001a81958eb20_0;
    %addi 1, 0, 32;
    %store/vec4 v000001a81958eb20_0, 0, 32;
    %jmp T_1.0;
T_1.1 ;
    %end;
    .thread T_1;
    .scope S_000001a81957db10;
T_2 ;
    %wait E_000001a81951bb50;
    %ix/getv 4, v000001a81958d180_0;
    %load/vec4a v000001a81958e580, 4;
    %store/vec4 v000001a81958d4a0_0, 0, 50;
    %jmp T_2;
    .thread T_2, $push;
    .scope S_000001a819529050;
T_3 ;
    %delay 100, 0;
    %load/vec4 v000001a81958e080_0;
    %nor/r;
    %store/vec4 v000001a81958e080_0, 0, 1;
    %jmp T_3;
    .thread T_3;
    .scope S_000001a819529050;
T_4 ;
    %pushi/vec4 0, 0, 32;
    %store/vec4 v000001a81958df40_0, 0, 32;
    %pushi/vec4 0, 0, 1;
    %store/vec4 v000001a81958e080_0, 0, 1;
    %pushi/vec4 0, 0, 32;
    %store/vec4 v000001a81958e260_0, 0, 32;
    %pushi/vec4 0, 0, 32;
    %store/vec4 v000001a81958d7c0_0, 0, 32;
    %pushi/vec4 0, 0, 32;
    %store/vec4 v000001a819590260_0, 0, 32;
    %fork t_1, S_000001a81947d090;
    %jmp t_0;
    .scope S_000001a81947d090;
t_1 ;
    %pushi/vec4 0, 0, 32;
    %store/vec4 v000001a819515d50_0, 0, 32;
T_4.0 ;
    %load/vec4 v000001a819515d50_0;
    %cmpi/s 65536, 0, 32;
    %jmp/0xz T_4.1, 5;
    %vpi_func 2 129 "$random" 32 {0 0 0};
    %pushi/vec4 65536, 0, 32;
    %mod/s;
    %ix/getv/s 4, v000001a819515d50_0;
    %store/vec4a v000001a81958d680, 4, 0;
    %load/vec4 v000001a819515d50_0;
    %addi 1, 0, 32;
    %store/vec4 v000001a819515d50_0, 0, 32;
    %jmp T_4.0;
T_4.1 ;
    %end;
    .scope S_000001a819529050;
t_0 %join;
    %fork t_3, S_000001a81947d220;
    %jmp t_2;
    .scope S_000001a81947d220;
t_3 ;
    %pushi/vec4 0, 0, 32;
    %store/vec4 v000001a8195161b0_0, 0, 32;
T_4.2 ;
    %load/vec4 v000001a8195161b0_0;
    %cmpi/s 256, 0, 32;
    %jmp/0xz T_4.3, 5;
    %fork t_5, S_000001a819584090;
    %jmp t_4;
    .scope S_000001a819584090;
t_5 ;
    %pushi/vec4 0, 0, 32;
    %store/vec4 v000001a819516110_0, 0, 32;
T_4.4 ;
    %load/vec4 v000001a819516110_0;
    %cmpi/s 4, 0, 32;
    %jmp/0xz T_4.5, 5;
    %pushi/vec4 0, 0, 1;
    %load/vec4 v000001a8195161b0_0;
    %pad/s 35;
    %pad/s 37;
    %muli 4, 0, 37;
    %pad/s 38;
    %load/vec4 v000001a819516110_0;
    %pad/s 38;
    %add;
    %ix/vec4/s 4;
    %store/vec4a v000001a8195906c0, 4, 0;
    %vpi_func 2 136 "$random" 32 {0 0 0};
    %pushi/vec4 65536, 0, 32;
    %mod/s;
    %pad/s 7;
    %load/vec4 v000001a8195161b0_0;
    %pad/s 35;
    %pad/s 37;
    %muli 4, 0, 37;
    %pad/s 38;
    %load/vec4 v000001a819516110_0;
    %pad/s 38;
    %add;
    %ix/vec4/s 4;
    %store/vec4a v000001a81958e6c0, 4, 0;
    ; show_stmt_assign_vector: Get l-value for compressed += operand
    %load/vec4 v000001a819516110_0;
    %pushi/vec4 1, 0, 32;
    %add;
    %store/vec4 v000001a819516110_0, 0, 32;
    %jmp T_4.4;
T_4.5 ;
    %end;
    .scope S_000001a81947d220;
t_4 %join;
    ; show_stmt_assign_vector: Get l-value for compressed += operand
    %load/vec4 v000001a8195161b0_0;
    %pushi/vec4 1, 0, 32;
    %add;
    %store/vec4 v000001a8195161b0_0, 0, 32;
    %jmp T_4.2;
T_4.3 ;
    %end;
    .scope S_000001a819529050;
t_2 %join;
    %fork t_7, S_000001a81957b1b0;
    %jmp t_6;
    .scope S_000001a81957b1b0;
t_7 ;
    %pushi/vec4 0, 0, 32;
    %store/vec4 v000001a81958ebc0_0, 0, 32;
T_4.6 ;
    %load/vec4 v000001a81958ebc0_0;
    %cmpi/s 256, 0, 32;
    %jmp/0xz T_4.7, 5;
    %fork t_9, S_000001a81957b340;
    %jmp t_8;
    .scope S_000001a81957b340;
t_9 ;
    %pushi/vec4 0, 0, 32;
    %store/vec4 v000001a81958e120_0, 0, 32;
T_4.8 ;
    %load/vec4 v000001a81958e120_0;
    %cmpi/s 4, 0, 32;
    %jmp/0xz T_4.9, 5;
    %fork t_11, S_000001a81957b4d0;
    %jmp t_10;
    .scope S_000001a81957b4d0;
t_11 ;
    %pushi/vec4 0, 0, 32;
    %store/vec4 v000001a81958e940_0, 0, 32;
T_4.10 ;
    %load/vec4 v000001a81958e940_0;
    %cmpi/s 2, 0, 32;
    %jmp/0xz T_4.11, 5;
    %vpi_func 2 144 "$random" 32 {0 0 0};
    %pushi/vec4 65536, 0, 32;
    %mod/s;
    %load/vec4 v000001a81958ebc0_0;
    %pad/s 36;
    %pad/s 39;
    %muli 8, 0, 39;
    %pad/s 40;
    %load/vec4 v000001a81958e120_0;
    %pad/s 34;
    %pad/s 35;
    %muli 2, 0, 35;
    %pad/s 40;
    %add;
    %pad/s 41;
    %load/vec4 v000001a81958e940_0;
    %pad/s 41;
    %add;
    %ix/vec4/s 4;
    %store/vec4a v000001a81958dcc0, 4, 0;
    ; show_stmt_assign_vector: Get l-value for compressed += operand
    %load/vec4 v000001a81958e940_0;
    %pushi/vec4 1, 0, 32;
    %add;
    %store/vec4 v000001a81958e940_0, 0, 32;
    %jmp T_4.10;
T_4.11 ;
    %end;
    .scope S_000001a81957b340;
t_10 %join;
    ; show_stmt_assign_vector: Get l-value for compressed += operand
    %load/vec4 v000001a81958e120_0;
    %pushi/vec4 1, 0, 32;
    %add;
    %store/vec4 v000001a81958e120_0, 0, 32;
    %jmp T_4.8;
T_4.9 ;
    %end;
    .scope S_000001a81957b1b0;
t_8 %join;
    ; show_stmt_assign_vector: Get l-value for compressed += operand
    %load/vec4 v000001a81958ebc0_0;
    %pushi/vec4 1, 0, 32;
    %add;
    %store/vec4 v000001a81958ebc0_0, 0, 32;
    %jmp T_4.6;
T_4.7 ;
    %end;
    .scope S_000001a819529050;
t_6 %join;
    %end;
    .thread T_4;
    .scope S_000001a819529050;
T_5 ;
    %wait E_000001a81951b850;
    %delay 100, 0;
    %load/vec4 v000001a81958df40_0;
    %addi 1, 0, 32;
    %store/vec4 v000001a81958df40_0, 0, 32;
    %load/vec4 v000001a819590260_0;
    %addi 1, 0, 32;
    %store/vec4 v000001a819590260_0, 0, 32;
    %pushi/vec4 0, 0, 1;
    %store/vec4 v000001a81958d360_0, 0, 1;
    %fork t_13, S_000001a81957b660;
    %jmp t_12;
    .scope S_000001a81957b660;
t_13 ;
    %pushi/vec4 0, 0, 32;
    %store/vec4 v000001a81958d220_0, 0, 32;
T_5.0 ;
    %load/vec4 v000001a81958d220_0;
    %cmpi/s 4, 0, 32;
    %jmp/0xz T_5.1, 5;
    %load/vec4 v000001a81958d5e0_0;
    %pad/u 13;
    %pad/u 15;
    %muli 4, 0, 15;
    %pad/u 16;
    %load/vec4 v000001a81958d220_0;
    %pad/s 16;
    %add;
    %ix/vec4 4;
    %load/vec4a v000001a81958e6c0, 4;
    %load/vec4 v000001a81958e4e0_0;
    %cmp/e;
    %jmp/0xz  T_5.2, 4;
    %pushi/vec4 1, 0, 1;
    %ix/getv/s 4, v000001a81958d220_0;
    %store/vec4 v000001a81958ed00_0, 4, 1;
    %jmp T_5.3;
T_5.2 ;
    %pushi/vec4 0, 0, 1;
    %ix/getv/s 4, v000001a81958d220_0;
    %store/vec4 v000001a81958ed00_0, 4, 1;
T_5.3 ;
    %load/vec4 v000001a81958d220_0;
    %addi 1, 0, 32;
    %store/vec4 v000001a81958d220_0, 0, 32;
    %jmp T_5.0;
T_5.1 ;
    %end;
    .scope S_000001a819529050;
t_12 %join;
    %fork t_15, S_000001a81957b9d0;
    %jmp t_14;
    .scope S_000001a81957b9d0;
t_15 ;
    %pushi/vec4 0, 0, 32;
    %store/vec4 v000001a81958cfa0_0, 0, 32;
T_5.4 ;
    %load/vec4 v000001a81958cfa0_0;
    %cmpi/s 4, 0, 32;
    %jmp/0xz T_5.5, 5;
    %load/vec4 v000001a81958ed00_0;
    %load/vec4 v000001a81958cfa0_0;
    %part/s 1;
    %load/vec4 v000001a81958d5e0_0;
    %pad/u 13;
    %pad/u 15;
    %muli 4, 0, 15;
    %pad/u 16;
    %load/vec4 v000001a81958cfa0_0;
    %pad/s 16;
    %add;
    %ix/vec4 4;
    %load/vec4a v000001a8195906c0, 4;
    %and;
    %ix/getv/s 4, v000001a81958cfa0_0;
    %store/vec4 v000001a81958d400_0, 4, 1;
    %load/vec4 v000001a81958d360_0;
    %load/vec4 v000001a81958d400_0;
    %load/vec4 v000001a81958cfa0_0;
    %part/s 1;
    %or;
    %store/vec4 v000001a81958d360_0, 0, 1;
    ; show_stmt_assign_vector: Get l-value for compressed += operand
    %load/vec4 v000001a81958cfa0_0;
    %pushi/vec4 1, 0, 32;
    %add;
    %store/vec4 v000001a81958cfa0_0, 0, 32;
    %jmp T_5.4;
T_5.5 ;
    %end;
    .scope S_000001a819529050;
t_14 %join;
    %load/vec4 v000001a81958e620_0;
    %flag_set/vec4 8;
    %jmp/0xz  T_5.6, 8;
    %load/vec4 v000001a81958d7c0_0;
    %addi 1, 0, 32;
    %store/vec4 v000001a81958d7c0_0, 0, 32;
    %fork t_17, S_000001a81957c1a0;
    %jmp t_16;
    .scope S_000001a81957c1a0;
t_17 ;
    %pushi/vec4 0, 0, 32;
    %store/vec4 v000001a81958d040_0, 0, 32;
T_5.8 ;
    %load/vec4 v000001a81958d040_0;
    %cmpi/s 4, 0, 32;
    %jmp/0xz T_5.9, 5;
    %load/vec4 v000001a81958d400_0;
    %load/vec4 v000001a81958d040_0;
    %part/s 1;
    %flag_set/vec4 8;
    %jmp/0xz  T_5.10, 8;
    %load/vec4 v000001a81958ec60_0;
    %flag_set/vec4 8;
    %jmp/0xz  T_5.12, 8;
    %load/vec4 v000001a81958d5e0_0;
    %pad/u 14;
    %pad/u 17;
    %muli 8, 0, 17;
    %pad/u 18;
    %load/vec4 v000001a81958d040_0;
    %pad/s 34;
    %pad/s 35;
    %muli 2, 0, 35;
    %pad/s 18;
    %add;
    %pad/u 19;
    %load/vec4 v000001a81958e300_0;
    %pad/u 3;
    %pad/u 19;
    %add;
    %ix/vec4 4;
    %load/vec4a v000001a81958dcc0, 4;
    %store/vec4 v000001a81958d720_0, 0, 32;
    %fork t_19, S_000001a81957c650;
    %jmp t_18;
    .scope S_000001a81957c650;
t_19 ;
    %pushi/vec4 3, 0, 32;
    %store/vec4 v000001a81958de00_0, 0, 32;
T_5.14 ;
    %load/vec4 v000001a81958d040_0;
    %load/vec4 v000001a81958de00_0;
    %cmp/s;
    %jmp/0xz T_5.15, 5;
    %load/vec4 v000001a81958d5e0_0;
    %pad/u 13;
    %pad/u 15;
    %muli 4, 0, 15;
    %pad/u 16;
    %load/vec4 v000001a81958de00_0;
    %pad/s 16;
    %add;
    %ix/vec4 4;
    %load/vec4a v000001a8195906c0, 4;
    %flag_set/vec4 8;
    %jmp/0xz  T_5.16, 8;
    %load/vec4 v000001a81958d5e0_0;
    %pad/u 13;
    %pad/u 15;
    %muli 4, 0, 15;
    %pad/u 16;
    %load/vec4 v000001a81958d040_0;
    %pad/s 16;
    %add;
    %ix/vec4 4;
    %load/vec4a v000001a81958e6c0, 4;
    %store/vec4 v000001a81958e9e0_0, 0, 7;
    %load/vec4 v000001a81958d5e0_0;
    %pad/u 13;
    %pad/u 15;
    %muli 4, 0, 15;
    %pad/u 16;
    %load/vec4 v000001a81958d040_0;
    %pad/s 16;
    %add;
    %ix/vec4 4;
    %load/vec4a v000001a8195906c0, 4;
    %store/vec4 v000001a81958ea80_0, 0, 1;
    %fork t_21, S_000001a81957be80;
    %jmp t_20;
    .scope S_000001a81957be80;
t_21 ;
    %pushi/vec4 0, 0, 32;
    %store/vec4 v000001a81958d0e0_0, 0, 32;
T_5.18 ;
    %load/vec4 v000001a81958d0e0_0;
    %cmpi/s 2, 0, 32;
    %jmp/0xz T_5.19, 5;
    %load/vec4 v000001a81958d5e0_0;
    %pad/u 14;
    %pad/u 17;
    %muli 8, 0, 17;
    %pad/u 18;
    %load/vec4 v000001a81958d040_0;
    %pad/s 34;
    %pad/s 35;
    %muli 2, 0, 35;
    %pad/s 18;
    %add;
    %pad/u 19;
    %load/vec4 v000001a81958d0e0_0;
    %pad/s 19;
    %add;
    %ix/vec4 4;
    %load/vec4a v000001a81958dcc0, 4;
    %ix/getv/s 4, v000001a81958d0e0_0;
    %store/vec4a v000001a81958e800, 4, 0;
    ; show_stmt_assign_vector: Get l-value for compressed += operand
    %load/vec4 v000001a81958d0e0_0;
    %pushi/vec4 1, 0, 32;
    %add;
    %store/vec4 v000001a81958d0e0_0, 0, 32;
    %jmp T_5.18;
T_5.19 ;
    %end;
    .scope S_000001a81957c650;
t_20 %join;
    %fork t_23, S_000001a81957c330;
    %jmp t_22;
    .scope S_000001a81957c330;
t_23 ;
    %load/vec4 v000001a81958d040_0;
    %store/vec4 v000001a81958d540_0, 0, 32;
T_5.20 ;
    %load/vec4 v000001a81958d540_0;
    %load/vec4 v000001a81958de00_0;
    %cmp/s;
    %jmp/0xz T_5.21, 5;
    %fork t_25, S_000001a81957dfc0;
    %jmp t_24;
    .scope S_000001a81957dfc0;
t_25 ;
    %pushi/vec4 0, 0, 32;
    %store/vec4 v000001a81958cf00_0, 0, 32;
T_5.22 ;
    %load/vec4 v000001a81958cf00_0;
    %cmpi/s 2, 0, 32;
    %jmp/0xz T_5.23, 5;
    %load/vec4 v000001a81958d5e0_0;
    %pad/u 14;
    %pad/u 17;
    %muli 8, 0, 17;
    %pad/u 18;
    %load/vec4 v000001a81958d540_0;
    %addi 1, 0, 32;
    %pad/s 34;
    %pad/s 35;
    %muli 2, 0, 35;
    %pad/s 18;
    %add;
    %pad/u 19;
    %load/vec4 v000001a81958cf00_0;
    %pad/s 19;
    %add;
    %ix/vec4 4;
    %load/vec4a v000001a81958dcc0, 4;
    %load/vec4 v000001a81958d5e0_0;
    %pad/u 14;
    %pad/u 17;
    %muli 8, 0, 17;
    %pad/u 18;
    %load/vec4 v000001a81958d540_0;
    %pad/s 34;
    %pad/s 35;
    %muli 2, 0, 35;
    %pad/s 18;
    %add;
    %pad/u 19;
    %load/vec4 v000001a81958cf00_0;
    %pad/s 19;
    %add;
    %ix/vec4 4;
    %store/vec4a v000001a81958dcc0, 4, 0;
    ; show_stmt_assign_vector: Get l-value for compressed += operand
    %load/vec4 v000001a81958cf00_0;
    %pushi/vec4 1, 0, 32;
    %add;
    %store/vec4 v000001a81958cf00_0, 0, 32;
    %jmp T_5.22;
T_5.23 ;
    %end;
    .scope S_000001a81957c330;
t_24 %join;
    %load/vec4 v000001a81958d5e0_0;
    %pad/u 13;
    %pad/u 15;
    %muli 4, 0, 15;
    %pad/u 16;
    %load/vec4 v000001a81958d540_0;
    %addi 1, 0, 32;
    %pad/s 16;
    %add;
    %ix/vec4 4;
    %load/vec4a v000001a8195906c0, 4;
    %load/vec4 v000001a81958d5e0_0;
    %pad/u 13;
    %pad/u 15;
    %muli 4, 0, 15;
    %pad/u 16;
    %load/vec4 v000001a81958d540_0;
    %pad/s 16;
    %add;
    %ix/vec4 4;
    %store/vec4a v000001a8195906c0, 4, 0;
    %load/vec4 v000001a81958d5e0_0;
    %pad/u 13;
    %pad/u 15;
    %muli 4, 0, 15;
    %pad/u 16;
    %load/vec4 v000001a81958d540_0;
    %addi 1, 0, 32;
    %pad/s 16;
    %add;
    %ix/vec4 4;
    %load/vec4a v000001a81958e6c0, 4;
    %load/vec4 v000001a81958d5e0_0;
    %pad/u 13;
    %pad/u 15;
    %muli 4, 0, 15;
    %pad/u 16;
    %load/vec4 v000001a81958d540_0;
    %pad/s 16;
    %add;
    %ix/vec4 4;
    %store/vec4a v000001a81958e6c0, 4, 0;
    ; show_stmt_assign_vector: Get l-value for compressed += operand
    %load/vec4 v000001a81958d540_0;
    %pushi/vec4 1, 0, 32;
    %add;
    %store/vec4 v000001a81958d540_0, 0, 32;
    %jmp T_5.20;
T_5.21 ;
    %end;
    .scope S_000001a81957c650;
t_22 %join;
    %fork t_27, S_000001a81957de30;
    %jmp t_26;
    .scope S_000001a81957de30;
t_27 ;
    %pushi/vec4 0, 0, 32;
    %store/vec4 v000001a81958dc20_0, 0, 32;
T_5.24 ;
    %load/vec4 v000001a81958dc20_0;
    %cmpi/s 2, 0, 32;
    %jmp/0xz T_5.25, 5;
    %ix/getv/s 4, v000001a81958dc20_0;
    %load/vec4a v000001a81958e800, 4;
    %load/vec4 v000001a81958d5e0_0;
    %pad/u 14;
    %pad/u 17;
    %muli 8, 0, 17;
    %pad/u 18;
    %load/vec4 v000001a81958de00_0;
    %pad/s 34;
    %pad/s 35;
    %muli 2, 0, 35;
    %pad/s 18;
    %add;
    %pad/u 19;
    %load/vec4 v000001a81958dc20_0;
    %pad/s 19;
    %add;
    %ix/vec4 4;
    %store/vec4a v000001a81958dcc0, 4, 0;
    ; show_stmt_assign_vector: Get l-value for compressed += operand
    %load/vec4 v000001a81958dc20_0;
    %pushi/vec4 1, 0, 32;
    %add;
    %store/vec4 v000001a81958dc20_0, 0, 32;
    %jmp T_5.24;
T_5.25 ;
    %end;
    .scope S_000001a81957c650;
t_26 %join;
    %load/vec4 v000001a81958ea80_0;
    %load/vec4 v000001a81958d5e0_0;
    %pad/u 13;
    %pad/u 15;
    %muli 4, 0, 15;
    %pad/u 16;
    %load/vec4 v000001a81958de00_0;
    %pad/s 16;
    %add;
    %ix/vec4 4;
    %store/vec4a v000001a8195906c0, 4, 0;
    %load/vec4 v000001a81958e9e0_0;
    %load/vec4 v000001a81958d5e0_0;
    %pad/u 13;
    %pad/u 15;
    %muli 4, 0, 15;
    %pad/u 16;
    %load/vec4 v000001a81958de00_0;
    %pad/s 16;
    %add;
    %ix/vec4 4;
    %store/vec4a v000001a81958e6c0, 4, 0;
T_5.16 ;
    ; show_stmt_assign_vector: Get l-value for compressed -= operand
    %load/vec4 v000001a81958de00_0;
    %pushi/vec4 1, 0, 32;
    %sub;
    %store/vec4 v000001a81958de00_0, 0, 32;
    %jmp T_5.14;
T_5.15 ;
    %end;
    .scope S_000001a81957c1a0;
t_18 %join;
    %jmp T_5.13;
T_5.12 ;
    %load/vec4 v000001a819590300_0;
    %flag_set/vec4 8;
    %jmp/0xz  T_5.26, 8;
    %load/vec4 v000001a81958d9a0_0;
    %load/vec4 v000001a81958d5e0_0;
    %pad/u 14;
    %pad/u 17;
    %muli 8, 0, 17;
    %pad/u 18;
    %load/vec4 v000001a81958d040_0;
    %pad/s 34;
    %pad/s 35;
    %muli 2, 0, 35;
    %pad/s 18;
    %add;
    %pad/u 19;
    %load/vec4 v000001a81958e300_0;
    %pad/u 3;
    %pad/u 19;
    %add;
    %ix/vec4 4;
    %store/vec4a v000001a81958dcc0, 4, 0;
    %fork t_29, S_000001a81957bb60;
    %jmp t_28;
    .scope S_000001a81957bb60;
t_29 ;
    %pushi/vec4 3, 0, 32;
    %store/vec4 v000001a81958e1c0_0, 0, 32;
T_5.28 ;
    %load/vec4 v000001a81958d040_0;
    %load/vec4 v000001a81958e1c0_0;
    %cmp/s;
    %jmp/0xz T_5.29, 5;
    %load/vec4 v000001a81958d5e0_0;
    %pad/u 13;
    %pad/u 15;
    %muli 4, 0, 15;
    %pad/u 16;
    %load/vec4 v000001a81958e1c0_0;
    %pad/s 16;
    %add;
    %ix/vec4 4;
    %load/vec4a v000001a8195906c0, 4;
    %flag_set/vec4 8;
    %jmp/0xz  T_5.30, 8;
    %load/vec4 v000001a81958d5e0_0;
    %pad/u 13;
    %pad/u 15;
    %muli 4, 0, 15;
    %pad/u 16;
    %load/vec4 v000001a81958d040_0;
    %pad/s 16;
    %add;
    %ix/vec4 4;
    %load/vec4a v000001a81958e6c0, 4;
    %store/vec4 v000001a81958e9e0_0, 0, 7;
    %load/vec4 v000001a81958d5e0_0;
    %pad/u 13;
    %pad/u 15;
    %muli 4, 0, 15;
    %pad/u 16;
    %load/vec4 v000001a81958d040_0;
    %pad/s 16;
    %add;
    %ix/vec4 4;
    %load/vec4a v000001a8195906c0, 4;
    %store/vec4 v000001a81958ea80_0, 0, 1;
    %fork t_31, S_000001a81957c4c0;
    %jmp t_30;
    .scope S_000001a81957c4c0;
t_31 ;
    %pushi/vec4 0, 0, 32;
    %store/vec4 v000001a81958eda0_0, 0, 32;
T_5.32 ;
    %load/vec4 v000001a81958eda0_0;
    %cmpi/s 2, 0, 32;
    %jmp/0xz T_5.33, 5;
    %load/vec4 v000001a81958d5e0_0;
    %pad/u 14;
    %pad/u 17;
    %muli 8, 0, 17;
    %pad/u 18;
    %load/vec4 v000001a81958d040_0;
    %pad/s 34;
    %pad/s 35;
    %muli 2, 0, 35;
    %pad/s 18;
    %add;
    %pad/u 19;
    %load/vec4 v000001a81958eda0_0;
    %pad/s 19;
    %add;
    %ix/vec4 4;
    %load/vec4a v000001a81958dcc0, 4;
    %ix/getv/s 4, v000001a81958eda0_0;
    %store/vec4a v000001a81958e800, 4, 0;
    ; show_stmt_assign_vector: Get l-value for compressed += operand
    %load/vec4 v000001a81958eda0_0;
    %pushi/vec4 1, 0, 32;
    %add;
    %store/vec4 v000001a81958eda0_0, 0, 32;
    %jmp T_5.32;
T_5.33 ;
    %end;
    .scope S_000001a81957bb60;
t_30 %join;
    %fork t_33, S_000001a81957bcf0;
    %jmp t_32;
    .scope S_000001a81957bcf0;
t_33 ;
    %load/vec4 v000001a81958d040_0;
    %store/vec4 v000001a81958e440_0, 0, 32;
T_5.34 ;
    %load/vec4 v000001a81958e440_0;
    %load/vec4 v000001a81958e1c0_0;
    %cmp/s;
    %jmp/0xz T_5.35, 5;
    %fork t_35, S_000001a81957b840;
    %jmp t_34;
    .scope S_000001a81957b840;
t_35 ;
    %pushi/vec4 0, 0, 32;
    %store/vec4 v000001a81958dae0_0, 0, 32;
T_5.36 ;
    %load/vec4 v000001a81958dae0_0;
    %cmpi/s 2, 0, 32;
    %jmp/0xz T_5.37, 5;
    %load/vec4 v000001a81958d5e0_0;
    %pad/u 14;
    %pad/u 17;
    %muli 8, 0, 17;
    %pad/u 18;
    %load/vec4 v000001a81958e440_0;
    %addi 1, 0, 32;
    %pad/s 34;
    %pad/s 35;
    %muli 2, 0, 35;
    %pad/s 18;
    %add;
    %pad/u 19;
    %load/vec4 v000001a81958dae0_0;
    %pad/s 19;
    %add;
    %ix/vec4 4;
    %load/vec4a v000001a81958dcc0, 4;
    %load/vec4 v000001a81958d5e0_0;
    %pad/u 14;
    %pad/u 17;
    %muli 8, 0, 17;
    %pad/u 18;
    %load/vec4 v000001a81958e440_0;
    %pad/s 34;
    %pad/s 35;
    %muli 2, 0, 35;
    %pad/s 18;
    %add;
    %pad/u 19;
    %load/vec4 v000001a81958dae0_0;
    %pad/s 19;
    %add;
    %ix/vec4 4;
    %store/vec4a v000001a81958dcc0, 4, 0;
    ; show_stmt_assign_vector: Get l-value for compressed += operand
    %load/vec4 v000001a81958dae0_0;
    %pushi/vec4 1, 0, 32;
    %add;
    %store/vec4 v000001a81958dae0_0, 0, 32;
    %jmp T_5.36;
T_5.37 ;
    %end;
    .scope S_000001a81957bcf0;
t_34 %join;
    %load/vec4 v000001a81958d5e0_0;
    %pad/u 13;
    %pad/u 15;
    %muli 4, 0, 15;
    %pad/u 16;
    %load/vec4 v000001a81958e440_0;
    %addi 1, 0, 32;
    %pad/s 16;
    %add;
    %ix/vec4 4;
    %load/vec4a v000001a8195906c0, 4;
    %load/vec4 v000001a81958d5e0_0;
    %pad/u 13;
    %pad/u 15;
    %muli 4, 0, 15;
    %pad/u 16;
    %load/vec4 v000001a81958e440_0;
    %pad/s 16;
    %add;
    %ix/vec4 4;
    %store/vec4a v000001a8195906c0, 4, 0;
    %load/vec4 v000001a81958d5e0_0;
    %pad/u 13;
    %pad/u 15;
    %muli 4, 0, 15;
    %pad/u 16;
    %load/vec4 v000001a81958e440_0;
    %addi 1, 0, 32;
    %pad/s 16;
    %add;
    %ix/vec4 4;
    %load/vec4a v000001a81958e6c0, 4;
    %load/vec4 v000001a81958d5e0_0;
    %pad/u 13;
    %pad/u 15;
    %muli 4, 0, 15;
    %pad/u 16;
    %load/vec4 v000001a81958e440_0;
    %pad/s 16;
    %add;
    %ix/vec4 4;
    %store/vec4a v000001a81958e6c0, 4, 0;
    ; show_stmt_assign_vector: Get l-value for compressed += operand
    %load/vec4 v000001a81958e440_0;
    %pushi/vec4 1, 0, 32;
    %add;
    %store/vec4 v000001a81958e440_0, 0, 32;
    %jmp T_5.34;
T_5.35 ;
    %end;
    .scope S_000001a81957bb60;
t_32 %join;
    %fork t_37, S_000001a81957c010;
    %jmp t_36;
    .scope S_000001a81957c010;
t_37 ;
    %pushi/vec4 0, 0, 32;
    %store/vec4 v000001a81958db80_0, 0, 32;
T_5.38 ;
    %load/vec4 v000001a81958db80_0;
    %cmpi/s 2, 0, 32;
    %jmp/0xz T_5.39, 5;
    %ix/getv/s 4, v000001a81958db80_0;
    %load/vec4a v000001a81958e800, 4;
    %load/vec4 v000001a81958d5e0_0;
    %pad/u 14;
    %pad/u 17;
    %muli 8, 0, 17;
    %pad/u 18;
    %load/vec4 v000001a81958e1c0_0;
    %pad/s 34;
    %pad/s 35;
    %muli 2, 0, 35;
    %pad/s 18;
    %add;
    %pad/u 19;
    %load/vec4 v000001a81958db80_0;
    %pad/s 19;
    %add;
    %ix/vec4 4;
    %store/vec4a v000001a81958dcc0, 4, 0;
    ; show_stmt_assign_vector: Get l-value for compressed += operand
    %load/vec4 v000001a81958db80_0;
    %pushi/vec4 1, 0, 32;
    %add;
    %store/vec4 v000001a81958db80_0, 0, 32;
    %jmp T_5.38;
T_5.39 ;
    %end;
    .scope S_000001a81957bb60;
t_36 %join;
    %load/vec4 v000001a81958ea80_0;
    %load/vec4 v000001a81958d5e0_0;
    %pad/u 13;
    %pad/u 15;
    %muli 4, 0, 15;
    %pad/u 16;
    %load/vec4 v000001a81958e1c0_0;
    %pad/s 16;
    %add;
    %ix/vec4 4;
    %store/vec4a v000001a8195906c0, 4, 0;
    %load/vec4 v000001a81958e9e0_0;
    %load/vec4 v000001a81958d5e0_0;
    %pad/u 13;
    %pad/u 15;
    %muli 4, 0, 15;
    %pad/u 16;
    %load/vec4 v000001a81958e1c0_0;
    %pad/s 16;
    %add;
    %ix/vec4 4;
    %store/vec4a v000001a81958e6c0, 4, 0;
T_5.30 ;
    ; show_stmt_assign_vector: Get l-value for compressed -= operand
    %load/vec4 v000001a81958e1c0_0;
    %pushi/vec4 1, 0, 32;
    %sub;
    %store/vec4 v000001a81958e1c0_0, 0, 32;
    %jmp T_5.28;
T_5.29 ;
    %end;
    .scope S_000001a81957c1a0;
t_28 %join;
T_5.26 ;
T_5.13 ;
T_5.10 ;
    ; show_stmt_assign_vector: Get l-value for compressed += operand
    %load/vec4 v000001a81958d040_0;
    %pushi/vec4 1, 0, 32;
    %add;
    %store/vec4 v000001a81958d040_0, 0, 32;
    %jmp T_5.8;
T_5.9 ;
    %end;
    .scope S_000001a819529050;
t_16 %join;
    %jmp T_5.7;
T_5.6 ;
    %load/vec4 v000001a81958e260_0;
    %addi 1, 0, 32;
    %store/vec4 v000001a81958e260_0, 0, 32;
    %fork t_39, S_000001a819584220;
    %jmp t_38;
    .scope S_000001a819584220;
t_39 ;
    %pushi/vec4 0, 0, 32;
    %store/vec4 v000001a819516390_0, 0, 32;
T_5.40 ;
    %load/vec4 v000001a819516390_0;
    %cmpi/s 256, 0, 32;
    %jmp/0xz T_5.41, 5;
    %fork t_41, S_000001a8195843b0;
    %jmp t_40;
    .scope S_000001a8195843b0;
t_41 ;
    %pushi/vec4 0, 0, 32;
    %store/vec4 v000001a819515c10_0, 0, 32;
T_5.42 ;
    %load/vec4 v000001a819515c10_0;
    %cmpi/s 4, 0, 32;
    %jmp/0xz T_5.43, 5;
    %load/vec4 v000001a819516390_0;
    %pad/s 35;
    %pad/s 37;
    %muli 4, 0, 37;
    %pad/s 38;
    %load/vec4 v000001a819515c10_0;
    %pad/s 38;
    %add;
    %ix/vec4/s 4;
    %load/vec4a v000001a8195906c0, 4;
    %flag_set/vec4 8;
    %jmp/0xz  T_5.44, 8;
    %load/vec4 v000001a819516390_0;
    %pad/s 8;
    %store/vec4 v000001a81958e8a0_0, 0, 8;
    %load/vec4 v000001a819516390_0;
    %pad/s 35;
    %pad/s 37;
    %muli 4, 0, 37;
    %pad/s 38;
    %load/vec4 v000001a819515c10_0;
    %pad/s 38;
    %add;
    %ix/vec4/s 4;
    %load/vec4a v000001a81958e6c0, 4;
    %store/vec4 v000001a81958dd60_0, 0, 7;
    %fork t_43, S_000001a819584540;
    %jmp t_42;
    .scope S_000001a819584540;
t_43 ;
    %pushi/vec4 0, 0, 32;
    %store/vec4 v000001a819515670_0, 0, 32;
T_5.46 ;
    %load/vec4 v000001a819515670_0;
    %cmpi/s 2, 0, 32;
    %jmp/0xz T_5.47, 5;
    %load/vec4 v000001a819515670_0;
    %pad/s 1;
    %store/vec4 v000001a81958d860_0, 0, 1;
    %load/vec4 v000001a81958d860_0;
    %ix/load 4, 0, 0;
    %flag_set/imm 4, 0;
    %store/vec4 v000001a81958da40_0, 4, 1;
    %load/vec4 v000001a81958dd60_0;
    %ix/load 4, 9, 0;
    %flag_set/imm 4, 0;
    %store/vec4 v000001a81958da40_0, 4, 7;
    %load/vec4 v000001a81958e8a0_0;
    %ix/load 4, 1, 0;
    %flag_set/imm 4, 0;
    %store/vec4 v000001a81958da40_0, 4, 8;
    %load/vec4 v000001a819516390_0;
    %pad/s 36;
    %pad/s 39;
    %muli 8, 0, 39;
    %pad/s 40;
    %load/vec4 v000001a819515c10_0;
    %pad/s 34;
    %pad/s 35;
    %muli 2, 0, 35;
    %pad/s 40;
    %add;
    %pad/s 41;
    %load/vec4 v000001a819515670_0;
    %pad/s 41;
    %add;
    %ix/vec4/s 4;
    %load/vec4a v000001a81958dcc0, 4;
    %load/vec4 v000001a81958da40_0;
    %pad/u 18;
    %ix/vec4 4;
    %store/vec4a v000001a81958d680, 4, 0;
    ; show_stmt_assign_vector: Get l-value for compressed += operand
    %load/vec4 v000001a819515670_0;
    %pushi/vec4 1, 0, 32;
    %add;
    %store/vec4 v000001a819515670_0, 0, 32;
    %jmp T_5.46;
T_5.47 ;
    %end;
    .scope S_000001a8195843b0;
t_42 %join;
T_5.44 ;
    ; show_stmt_assign_vector: Get l-value for compressed += operand
    %load/vec4 v000001a819515c10_0;
    %pushi/vec4 1, 0, 32;
    %add;
    %store/vec4 v000001a819515c10_0, 0, 32;
    %jmp T_5.42;
T_5.43 ;
    %end;
    .scope S_000001a819584220;
t_40 %join;
    ; show_stmt_assign_vector: Get l-value for compressed += operand
    %load/vec4 v000001a819516390_0;
    %pushi/vec4 1, 0, 32;
    %add;
    %store/vec4 v000001a819516390_0, 0, 32;
    %jmp T_5.40;
T_5.41 ;
    %end;
    .scope S_000001a819529050;
t_38 %join;
    %fork t_45, S_000001a8195846d0;
    %jmp t_44;
    .scope S_000001a8195846d0;
t_45 ;
    %pushi/vec4 0, 0, 32;
    %store/vec4 v000001a819515df0_0, 0, 32;
T_5.48 ;
    %load/vec4 v000001a819515df0_0;
    %cmpi/s 4, 0, 32;
    %jmp/0xz T_5.49, 5;
    %load/vec4 v000001a81958e760_0;
    %pad/u 32;
    %pushi/vec4 4, 0, 32;
    %div;
    %muli 4, 0, 32;
    %load/vec4 v000001a819515df0_0;
    %add;
    %ix/vec4 4;
    %load/vec4a v000001a81958d680, 4;
    %ix/getv/s 4, v000001a819515df0_0;
    %store/vec4a v000001a81958e800, 4, 0;
    ; show_stmt_assign_vector: Get l-value for compressed += operand
    %load/vec4 v000001a819515df0_0;
    %pushi/vec4 1, 0, 32;
    %add;
    %store/vec4 v000001a819515df0_0, 0, 32;
    %jmp T_5.48;
T_5.49 ;
    %end;
    .scope S_000001a819529050;
t_44 %join;
    %pushi/vec4 12, 0, 5;
    %pad/s 6;
    %load/vec4 v000001a81958d5e0_0;
    %pad/u 6;
    %add;
    %ix/vec4 4;
    %load/vec4a v000001a8195906c0, 4;
    %flag_set/vec4 8;
    %jmp/0xz  T_5.50, 8;
    %fork t_47, S_000001a819584860;
    %jmp t_46;
    .scope S_000001a819584860;
t_47 ;
    %pushi/vec4 1, 0, 32;
    %store/vec4 v000001a8195157b0_0, 0, 32;
T_5.52 ;
    %load/vec4 v000001a8195157b0_0;
    %cmpi/s 3, 0, 32;
    %jmp/0xz T_5.53, 5;
    %fork t_49, S_000001a8195849f0;
    %jmp t_48;
    .scope S_000001a8195849f0;
t_49 ;
    %pushi/vec4 0, 0, 32;
    %store/vec4 v000001a819515cb0_0, 0, 32;
T_5.54 ;
    %load/vec4 v000001a819515cb0_0;
    %cmpi/s 4, 0, 32;
    %jmp/0xz T_5.55, 5;
    %load/vec4 v000001a81958d5e0_0;
    %pad/u 14;
    %pad/u 17;
    %muli 8, 0, 17;
    %pad/u 18;
    %load/vec4 v000001a8195157b0_0;
    %addi 1, 0, 32;
    %pad/s 34;
    %pad/s 35;
    %muli 2, 0, 35;
    %pad/s 18;
    %add;
    %pad/u 19;
    %load/vec4 v000001a819515cb0_0;
    %pad/s 19;
    %add;
    %ix/vec4 4;
    %load/vec4a v000001a81958dcc0, 4;
    %load/vec4 v000001a81958d5e0_0;
    %pad/u 14;
    %pad/u 17;
    %muli 8, 0, 17;
    %pad/u 18;
    %load/vec4 v000001a8195157b0_0;
    %pad/s 34;
    %pad/s 35;
    %muli 2, 0, 35;
    %pad/s 18;
    %add;
    %pad/u 19;
    %load/vec4 v000001a819515cb0_0;
    %pad/s 19;
    %add;
    %ix/vec4 4;
    %store/vec4a v000001a81958dcc0, 4, 0;
    ; show_stmt_assign_vector: Get l-value for compressed += operand
    %load/vec4 v000001a819515cb0_0;
    %pushi/vec4 1, 0, 32;
    %add;
    %store/vec4 v000001a819515cb0_0, 0, 32;
    %jmp T_5.54;
T_5.55 ;
    %end;
    .scope S_000001a819584860;
t_48 %join;
    %load/vec4 v000001a81958d5e0_0;
    %pad/u 13;
    %pad/u 15;
    %muli 4, 0, 15;
    %pad/u 16;
    %load/vec4 v000001a8195157b0_0;
    %addi 1, 0, 32;
    %pad/s 16;
    %add;
    %ix/vec4 4;
    %load/vec4a v000001a8195906c0, 4;
    %load/vec4 v000001a81958d5e0_0;
    %pad/u 13;
    %pad/u 15;
    %muli 4, 0, 15;
    %pad/u 16;
    %load/vec4 v000001a8195157b0_0;
    %pad/s 16;
    %add;
    %ix/vec4 4;
    %store/vec4a v000001a8195906c0, 4, 0;
    %load/vec4 v000001a81958d5e0_0;
    %pad/u 13;
    %pad/u 15;
    %muli 4, 0, 15;
    %pad/u 16;
    %load/vec4 v000001a8195157b0_0;
    %addi 1, 0, 32;
    %pad/s 16;
    %add;
    %ix/vec4 4;
    %load/vec4a v000001a81958e6c0, 4;
    %load/vec4 v000001a81958d5e0_0;
    %pad/u 13;
    %pad/u 15;
    %muli 4, 0, 15;
    %pad/u 16;
    %load/vec4 v000001a8195157b0_0;
    %pad/s 16;
    %add;
    %ix/vec4 4;
    %store/vec4a v000001a81958e6c0, 4, 0;
    ; show_stmt_assign_vector: Get l-value for compressed += operand
    %load/vec4 v000001a8195157b0_0;
    %pushi/vec4 1, 0, 32;
    %add;
    %store/vec4 v000001a8195157b0_0, 0, 32;
    %jmp T_5.52;
T_5.53 ;
    %end;
    .scope S_000001a819529050;
t_46 %join;
    %load/vec4 v000001a81958ec60_0;
    %flag_set/vec4 8;
    %jmp/0xz  T_5.56, 8;
    %load/vec4 v000001a81958d5e0_0;
    %pad/u 14;
    %pad/u 17;
    %muli 8, 0, 17;
    %pad/u 18;
    %pushi/vec4 6, 0, 4;
    %pad/s 18;
    %add;
    %pad/u 19;
    %load/vec4 v000001a81958e300_0;
    %pad/u 3;
    %pad/u 19;
    %add;
    %ix/vec4 4;
    %load/vec4a v000001a81958dcc0, 4;
    %store/vec4 v000001a81958d720_0, 0, 32;
    %jmp T_5.57;
T_5.56 ;
    %load/vec4 v000001a819590300_0;
    %flag_set/vec4 8;
    %jmp/0xz  T_5.58, 8;
    %load/vec4 v000001a81958d9a0_0;
    %load/vec4 v000001a81958d5e0_0;
    %pad/u 14;
    %pad/u 17;
    %muli 8, 0, 17;
    %pad/u 18;
    %pushi/vec4 6, 0, 4;
    %pad/s 18;
    %add;
    %pad/u 19;
    %load/vec4 v000001a81958e300_0;
    %pad/u 3;
    %pad/u 19;
    %add;
    %ix/vec4 4;
    %store/vec4a v000001a81958dcc0, 4, 0;
T_5.58 ;
T_5.57 ;
    %jmp T_5.51;
T_5.50 ;
    %fork t_51, S_000001a81958cb90;
    %jmp t_50;
    .scope S_000001a81958cb90;
t_51 ;
    %pushi/vec4 0, 0, 32;
    %store/vec4 v000001a8195162f0_0, 0, 32;
T_5.60 ;
    %load/vec4 v000001a8195162f0_0;
    %cmpi/s 3, 0, 32;
    %jmp/0xz T_5.61, 5;
    %load/vec4 v000001a81958d5e0_0;
    %pad/u 13;
    %pad/u 15;
    %muli 4, 0, 15;
    %pad/u 16;
    %load/vec4 v000001a8195162f0_0;
    %pad/s 16;
    %add;
    %ix/vec4 4;
    %load/vec4a v000001a8195906c0, 4;
    %load/vec4 v000001a81958d5e0_0;
    %pad/u 13;
    %pad/u 15;
    %muli 4, 0, 15;
    %pad/u 16;
    %load/vec4 v000001a8195162f0_0;
    %addi 1, 0, 32;
    %pad/s 16;
    %add;
    %ix/vec4 4;
    %load/vec4a v000001a8195906c0, 4;
    %pushi/vec4 0, 0, 1;
    %cmp/e;
    %flag_get/vec4 4;
    %and;
    %flag_set/vec4 8;
    %jmp/0xz  T_5.62, 8;
    %load/vec4 v000001a8195162f0_0;
    %addi 1, 0, 32;
    %store/vec4 v000001a81958d900_0, 0, 32;
T_5.62 ;
    ; show_stmt_assign_vector: Get l-value for compressed += operand
    %load/vec4 v000001a8195162f0_0;
    %pushi/vec4 1, 0, 32;
    %add;
    %store/vec4 v000001a8195162f0_0, 0, 32;
    %jmp T_5.60;
T_5.61 ;
    %end;
    .scope S_000001a819529050;
t_50 %join;
    %pushi/vec4 1, 0, 1;
    %load/vec4 v000001a81958d5e0_0;
    %pad/u 13;
    %pad/u 15;
    %muli 4, 0, 15;
    %pad/u 16;
    %load/vec4 v000001a81958d900_0;
    %pad/s 16;
    %add;
    %ix/vec4 4;
    %store/vec4a v000001a8195906c0, 4, 0;
    %load/vec4 v000001a81958e4e0_0;
    %load/vec4 v000001a81958d5e0_0;
    %pad/u 13;
    %pad/u 15;
    %muli 4, 0, 15;
    %pad/u 16;
    %load/vec4 v000001a81958d900_0;
    %pad/s 16;
    %add;
    %ix/vec4 4;
    %store/vec4a v000001a81958e6c0, 4, 0;
    %fork t_53, S_000001a81958cd20;
    %jmp t_52;
    .scope S_000001a81958cd20;
t_53 ;
    %pushi/vec4 0, 0, 32;
    %store/vec4 v000001a81958dea0_0, 0, 32;
T_5.64 ;
    %load/vec4 v000001a81958dea0_0;
    %cmpi/s 2, 0, 32;
    %jmp/0xz T_5.65, 5;
    %ix/getv/s 4, v000001a81958dea0_0;
    %load/vec4a v000001a81958e800, 4;
    %load/vec4 v000001a81958d5e0_0;
    %pad/u 14;
    %pad/u 17;
    %muli 8, 0, 17;
    %pad/u 18;
    %load/vec4 v000001a81958d900_0;
    %pad/s 34;
    %pad/s 35;
    %muli 2, 0, 35;
    %pad/s 18;
    %add;
    %pad/u 19;
    %load/vec4 v000001a81958dea0_0;
    %pad/s 19;
    %add;
    %ix/vec4 4;
    %store/vec4a v000001a81958dcc0, 4, 0;
    ; show_stmt_assign_vector: Get l-value for compressed += operand
    %load/vec4 v000001a81958dea0_0;
    %pushi/vec4 1, 0, 32;
    %add;
    %store/vec4 v000001a81958dea0_0, 0, 32;
    %jmp T_5.64;
T_5.65 ;
    %end;
    .scope S_000001a819529050;
t_52 %join;
    %load/vec4 v000001a81958ec60_0;
    %flag_set/vec4 8;
    %jmp/0xz  T_5.66, 8;
    %load/vec4 v000001a81958d5e0_0;
    %pad/u 14;
    %pad/u 17;
    %muli 8, 0, 17;
    %pad/u 18;
    %load/vec4 v000001a81958d900_0;
    %pad/s 34;
    %pad/s 35;
    %muli 2, 0, 35;
    %pad/s 18;
    %add;
    %pad/u 19;
    %load/vec4 v000001a81958e300_0;
    %pad/u 3;
    %pad/u 19;
    %add;
    %ix/vec4 4;
    %load/vec4a v000001a81958dcc0, 4;
    %store/vec4 v000001a81958d720_0, 0, 32;
    %jmp T_5.67;
T_5.66 ;
    %load/vec4 v000001a819590300_0;
    %flag_set/vec4 8;
    %jmp/0xz  T_5.68, 8;
    %load/vec4 v000001a81958d9a0_0;
    %load/vec4 v000001a81958d5e0_0;
    %pad/u 14;
    %pad/u 17;
    %muli 8, 0, 17;
    %pad/u 18;
    %load/vec4 v000001a81958d900_0;
    %pad/s 34;
    %pad/s 35;
    %muli 2, 0, 35;
    %pad/s 18;
    %add;
    %pad/u 19;
    %load/vec4 v000001a81958e300_0;
    %pad/u 3;
    %pad/u 19;
    %add;
    %ix/vec4 4;
    %store/vec4a v000001a81958dcc0, 4, 0;
T_5.68 ;
T_5.67 ;
T_5.51 ;
    %load/vec4 v000001a81958d5e0_0;
    %pad/u 13;
    %pad/u 15;
    %muli 4, 0, 15;
    %ix/vec4 4;
    %load/vec4a v000001a8195906c0, 4;
    %cmpi/e 0, 0, 1;
    %jmp/0xz  T_5.70, 4;
    %pushi/vec4 1, 0, 1;
    %load/vec4 v000001a81958d5e0_0;
    %pad/u 13;
    %pad/u 15;
    %muli 4, 0, 15;
    %ix/vec4 4;
    %store/vec4a v000001a8195906c0, 4, 0;
    %load/vec4 v000001a81958e4e0_0;
    %load/vec4 v000001a81958d5e0_0;
    %pad/u 13;
    %pad/u 15;
    %muli 4, 0, 15;
    %ix/vec4 4;
    %store/vec4a v000001a81958e6c0, 4, 0;
    %fork t_55, S_000001a81957b020;
    %jmp t_54;
    .scope S_000001a81957b020;
t_55 ;
    %pushi/vec4 0, 0, 32;
    %store/vec4 v000001a81958dfe0_0, 0, 32;
T_5.72 ;
    %load/vec4 v000001a81958dfe0_0;
    %cmpi/s 2, 0, 32;
    %jmp/0xz T_5.73, 5;
    %ix/getv/s 4, v000001a81958dfe0_0;
    %load/vec4a v000001a81958e800, 4;
    %load/vec4 v000001a81958d5e0_0;
    %pad/u 14;
    %pad/u 17;
    %muli 8, 0, 17;
    %pad/u 18;
    %load/vec4 v000001a81958dfe0_0;
    %pad/s 18;
    %add;
    %ix/vec4 4;
    %store/vec4a v000001a81958dcc0, 4, 0;
    ; show_stmt_assign_vector: Get l-value for compressed += operand
    %load/vec4 v000001a81958dfe0_0;
    %pushi/vec4 1, 0, 32;
    %add;
    %store/vec4 v000001a81958dfe0_0, 0, 32;
    %jmp T_5.72;
T_5.73 ;
    %end;
    .scope S_000001a819529050;
t_54 %join;
    %load/vec4 v000001a81958ec60_0;
    %flag_set/vec4 8;
    %jmp/0xz  T_5.74, 8;
    %load/vec4 v000001a81958d5e0_0;
    %pad/u 14;
    %pad/u 17;
    %muli 8, 0, 17;
    %pad/u 18;
    %load/vec4 v000001a81958e300_0;
    %pad/u 3;
    %pad/u 18;
    %add;
    %ix/vec4 4;
    %load/vec4a v000001a81958dcc0, 4;
    %store/vec4 v000001a81958d720_0, 0, 32;
    %jmp T_5.75;
T_5.74 ;
    %load/vec4 v000001a819590300_0;
    %flag_set/vec4 8;
    %jmp/0xz  T_5.76, 8;
    %load/vec4 v000001a81958d9a0_0;
    %load/vec4 v000001a81958d5e0_0;
    %pad/u 14;
    %pad/u 17;
    %muli 8, 0, 17;
    %pad/u 18;
    %load/vec4 v000001a81958e300_0;
    %pad/u 3;
    %pad/u 18;
    %add;
    %ix/vec4 4;
    %store/vec4a v000001a81958dcc0, 4, 0;
T_5.76 ;
T_5.75 ;
T_5.70 ;
T_5.7 ;
    %load/vec4 v000001a81958df40_0;
    %cmpi/e 1000, 0, 32;
    %jmp/0xz  T_5.78, 4;
    %vpi_call 2 365 "$display", "Number of hits = %d", v000001a81958e260_0 {0 0 0};
    %vpi_call 2 366 "$display", "Number of misses = %d", v000001a81958d7c0_0 {0 0 0};
    %vpi_call 2 367 "$display", "Total number of tries = %d", v000001a819590260_0 {0 0 0};
    %vpi_call 2 368 "$display", $time {0 0 0};
    %vpi_call 2 369 "$finish" {0 0 0};
T_5.78 ;
    %jmp T_5;
    .thread T_5;
# The file index is used to find the file name in the following table.
:file_names 3;
    "N/A";
    "<interactive>";
    "cache_full_implementation.v";
